#
# A fatal error has been detected by the Java Runtime Environment:
#
#  EXCEPTION_UNCAUGHT_CXX_EXCEPTION (0xe06d7363) at pc=0x00007ff92fd44ffc, pid=1564, tid=8280
#
# JRE version: OpenJDK Runtime Environment JBR-17.0.7+7-1000.6-jcef (17.0.7+7) (build 17.0.7+7-b1000.6)
# Java VM: OpenJDK 64-Bit Server VM JBR-17.0.7+7-1000.6-jcef (17.0.7+7-b1000.6, mixed mode, tiered, compressed oops, compressed class ptrs, g1 gc, windows-amd64)
# Problematic frame:
# C  [KERNELBASE.dll+0x64ffc]
#
# No core dump will be written. Minidumps are not enabled by default on client versions of Windows
#
# If you would like to submit a bug report, please visit:
#   https://youtrack.jetbrains.com/issues/JBR
#

---------------  S U M M A R Y ------------

Command Line: git4idea.http.GitAskPassApp Username for 'https://github.com': 

Host: AMD Ryzen 5 4600H with Radeon Graphics         , 12 cores, 7G,  Windows 11 , 64 bit Build 22621 (10.0.22621.2428)
Time: Mon Nov  6 20:14:28 2023 RTZ 2 (s 11 , 64 bit Build 22621 (10.0.22621.2428) elapsed time: 0.060046 seconds (0d 0h 0m 0s)

---------------  T H R E A D  ---------------

Current thread (0x000001a2aea8c0b0):  JavaThread "main" [_thread_in_vm, id=8280, stack(0x0000003a3e800000,0x0000003a3e900000)]

Stack: [0x0000003a3e800000,0x0000003a3e900000],  sp=0x0000003a3e8fde90,  free space=1015k
Native frames: (J=compiled Java code, j=interpreted, Vv=VM code, C=native code)
C  [KERNELBASE.dll+0x64ffc]
C  [VCRUNTIME140.dll+0x6480]
C  [jimage.dll+0x32a3]
C  [jimage.dll+0x2a1d]
C  [jimage.dll+0x145b]
C  [jimage.dll+0x1e9f]
C  [jimage.dll+0x1f36]
C  [jimage.dll+0x266e]
V  [jvm.dll+0x1f6b9d]
V  [jvm.dll+0x1f56d2]
V  [jvm.dll+0x7bcb6b]
V  [jvm.dll+0x7bdfb2]
V  [jvm.dll+0x7be2e8]
V  [jvm.dll+0x2429be]
V  [jvm.dll+0x387ebb]
C  0x000001a2b973f264

Java frames: (J=compiled Java code, j=interpreted, Vv=VM code)
j  jdk.internal.access.SharedSecrets.getJavaLangModuleAccess()Ljdk/internal/access/JavaLangModuleAccess;+8 java.base
j  jdk.internal.module.ModuleBootstrap.<clinit>()V+22 java.base
v  ~StubRoutines::call_stub
j  java.lang.System.initPhase2(ZZ)I+0 java.base
v  ~StubRoutines::call_stub

siginfo: EXCEPTION_UNCAUGHT_CXX_EXCEPTION (0xe06d7363), ExceptionInformation=0x0000000019930520 0x0000003a3e8fdff0 0x00007ff91eab5198 0x00007ff91eab0000 


Register to memory mapping:

RIP=0x00007ff92fd44ffc KERNELBASE.dll
RAX=0x00000000000000b3 is an unknown value
RBX=0x00007ff91eab5198 jimage.dll
RCX=0x000001a2c911d278 is pointing into metadata
RDX=0x000001a2aea8c0b0 is a thread
RSP=0x0000003a3e8fde90 is pointing into the stack for thread: 0x000001a2aea8c0b0
RBP=0x0000003a3e8fe120 is pointing into the stack for thread: 0x000001a2aea8c0b0
RSI=0x0000003a3e8fdff0 is pointing into the stack for thread: 0x000001a2aea8c0b0
RDI=0x0000000019930520 is an unknown value
R8 =0x0 is NULL
R9 =0x0000000000000001 is an unknown value
R10=0x0000003a3e8fd8a0 is pointing into the stack for thread: 0x000001a2aea8c0b0
R11=0x0000003a3e8fd919 is pointing into the stack for thread: 0x000001a2aea8c0b0
R12=0x0000000000003c6c is an unknown value
R13=0x000001a2aea8c590 points into unknown readable memory: 0x6e616c2f6176616a | 6a 61 76 61 2f 6c 61 6e
R14=0x000001a2c8c0a2f0 points into unknown readable memory: 0x0000000000000000 | 00 00 00 00 00 00 00 00
R15=0x000001a2c8c0a2f0 points into unknown readable memory: 0x0000000000000000 | 00 00 00 00 00 00 00 00


Registers:
RAX=0x00000000000000b3, RBX=0x00007ff91eab5198, RCX=0x000001a2c911d278, RDX=0x000001a2aea8c0b0
RSP=0x0000003a3e8fde90, RBP=0x0000003a3e8fe120, RSI=0x0000003a3e8fdff0, RDI=0x0000000019930520
R8 =0x0000000000000000, R9 =0x0000000000000001, R10=0x0000003a3e8fd8a0, R11=0x0000003a3e8fd919
R12=0x0000000000003c6c, R13=0x000001a2aea8c590, R14=0x000001a2c8c0a2f0, R15=0x000001a2c8c0a2f0
RIP=0x00007ff92fd44ffc, EFLAGS=0x0000000000000202

Top of Stack: (sp=0x0000003a3e8fde90)
0x0000003a3e8fde90:   000001a2ac850000 00007ff91eab5198
0x0000003a3e8fdea0:   0000003a3e8fdff0 000001a200000003
0x0000003a3e8fdeb0:   00000081e06d7363 0000000000000000
0x0000003a3e8fdec0:   00007ff92fd44ffc 0000000000000004
0x0000003a3e8fded0:   0000000019930520 0000003a3e8fdff0
0x0000003a3e8fdee0:   00007ff91eab5198 00007ff91eab0000
0x0000003a3e8fdef0:   000001a200000000 000001a2ac850000
0x0000003a3e8fdf00:   0000000000000000 00007ff91eab5198
0x0000003a3e8fdf10:   000001a2c8c0a2f0 00007ff9327465df
0x0000003a3e8fdf20:   0000003a3e8fdf90 00007ff91eab7000
0x0000003a3e8fdf30:   0000003a3e8fdff0 0000000019930520
0x0000003a3e8fdf40:   00007ff91eab7000 00007ff91eab0000
0x0000003a3e8fdf50:   000047b38e13f94e 00007ff92fd03aeb
0x0000003a3e8fdf60:   00007ff91eab5198 00007ff9286f6480
0x0000003a3e8fdf70:   0000796591ea63ae 000000005ff16294
0x0000003a3e8fdf80:   0000000000000008 00007ff9303300b5 

Instructions: (pc=0x00007ff92fd44ffc)
0x00007ff92fd44efc:   ff 4c 8d 05 e4 53 2c 00 33 d2 b9 00 00 10 00 e8
0x00007ff92fd44f0c:   f0 93 fd ff 4c 8b f0 48 89 44 24 58 48 85 c0 0f
0x00007ff92fd44f1c:   84 0b fe ff ff 4c 8d 05 a8 53 2c 00 33 d2 8d 4a
0x00007ff92fd44f2c:   02 e8 ce 93 fd ff 48 8b f8 48 89 44 24 50 e9 ed
0x00007ff92fd44f3c:   fd ff ff 45 33 c0 49 8b d7 48 83 c9 ff e8 42 68
0x00007ff92fd44f4c:   01 00 e9 08 ff ff ff 48 8b 0d a6 3c 2f 00 e8 11
0x00007ff92fd44f5c:   12 fd ff 48 8b cf e8 c9 eb fb ff e9 f8 fe ff ff
0x00007ff92fd44f6c:   49 8b ce e8 bc eb fb ff e9 f4 fe ff ff 48 8b ce
0x00007ff92fd44f7c:   e8 af eb fb ff e9 f0 fe ff ff cc cc 71 18 d3 7a
0x00007ff92fd44f8c:   1a 87 89 f9 48 81 ec d8 00 00 00 48 8b 05 e2 0f
0x00007ff92fd44f9c:   2f 00 48 33 c4 48 89 84 24 c0 00 00 00 48 83 64
0x00007ff92fd44fac:   24 28 00 48 8d 05 da ff ff ff 83 e2 01 89 4c 24
0x00007ff92fd44fbc:   20 89 54 24 24 48 89 44 24 30 4d 85 c9 74 4f b8
0x00007ff92fd44fcc:   0f 00 00 00 48 8d 4c 24 40 44 3b c0 49 8b d1 41
0x00007ff92fd44fdc:   0f 46 c0 44 8b c0 44 89 44 24 38 49 c1 e0 03 e8
0x00007ff92fd44fec:   97 f4 05 00 48 8d 4c 24 20 48 ff 15 a4 a7 1f 00
0x00007ff92fd44ffc:   0f 1f 44 00 00 48 8b 8c 24 c0 00 00 00 48 33 cc
0x00007ff92fd4500c:   e8 4f 2c 05 00 48 81 c4 d8 00 00 00 c3 cc 83 64
0x00007ff92fd4501c:   24 38 00 eb cf cc cc cc cc cc cc cc 48 8b c4 48
0x00007ff92fd4502c:   89 58 08 48 89 70 10 48 89 78 18 4c 89 68 20 55
0x00007ff92fd4503c:   41 56 41 57 48 8d 68 a1 48 81 ec e0 00 00 00 48
0x00007ff92fd4504c:   8b 05 2e 0f 2f 00 48 33 c4 48 89 45 3f 45 33 ff
0x00007ff92fd4505c:   66 c7 45 2b 00 05 48 8d 45 c7 44 89 7d 27 48 89
0x00007ff92fd4506c:   44 24 50 48 8d 4d 27 44 89 7c 24 48 45 33 c9 44
0x00007ff92fd4507c:   89 7c 24 40 45 8d 47 12 44 89 7c 24 38 b2 01 44
0x00007ff92fd4508c:   89 7c 24 30 41 8b df 44 89 7c 24 28 41 8b ff 44
0x00007ff92fd4509c:   89 7c 24 20 45 8b f7 44 89 7d 2f 66 c7 45 33 00
0x00007ff92fd450ac:   01 44 89 7d 37 66 c7 45 3b 00 10 4c 89 7d c7 4c
0x00007ff92fd450bc:   89 7d cf 4c 89 7d d7 4c 89 7d df 48 ff 15 f2 a7
0x00007ff92fd450cc:   1f 00 0f 1f 44 00 00 85 c0 0f 88 a7 02 00 00 48
0x00007ff92fd450dc:   8d 45 cf 41 b9 20 02 00 00 48 89 44 24 50 45 8d
0x00007ff92fd450ec:   6f 02 44 89 7c 24 48 45 8d 47 20 44 89 7c 24 40 


Stack slot to memory mapping:
stack at sp + 0 slots: 0x000001a2ac850000 points into unknown readable memory: 0x0000000000000000 | 00 00 00 00 00 00 00 00
stack at sp + 1 slots: 0x00007ff91eab5198 jimage.dll
stack at sp + 2 slots: 0x0000003a3e8fdff0 is pointing into the stack for thread: 0x000001a2aea8c0b0
stack at sp + 3 slots: 0x000001a200000003 is an unknown value
stack at sp + 4 slots: 0x00000081e06d7363 is an unknown value
stack at sp + 5 slots: 0x0 is NULL
stack at sp + 6 slots: 0x00007ff92fd44ffc KERNELBASE.dll
stack at sp + 7 slots: 0x0000000000000004 is an unknown value


---------------  P R O C E S S  ---------------

Threads class SMR info:
_java_thread_list=0x000001a2c8a07dd0, length=10, elements={
0x000001a2aea8c0b0, 0x000001a2c8a04260, 0x000001a2c8a04ed0, 0x000001a2c8b76570,
0x000001a2c8b76f20, 0x000001a2c8b778d0, 0x000001a2c8b6a5b0, 0x000001a2c8b6b5b0,
0x000001a2c8b6d0e0, 0x000001a2c8b6fef0
}

Java Threads: ( => current thread )
=>0x000001a2aea8c0b0 JavaThread "main" [_thread_in_vm, id=8280, stack(0x0000003a3e800000,0x0000003a3e900000)]
  0x000001a2c8a04260 JavaThread "Reference Handler" daemon [_thread_blocked, id=12364, stack(0x0000003a3ef00000,0x0000003a3f000000)]
  0x000001a2c8a04ed0 JavaThread "Finalizer" daemon [_thread_blocked, id=14720, stack(0x0000003a3f000000,0x0000003a3f100000)]
  0x000001a2c8b76570 JavaThread "Signal Dispatcher" daemon [_thread_blocked, id=16716, stack(0x0000003a3f100000,0x0000003a3f200000)]
  0x000001a2c8b76f20 JavaThread "Attach Listener" daemon [_thread_blocked, id=19392, stack(0x0000003a3f200000,0x0000003a3f300000)]
  0x000001a2c8b778d0 JavaThread "Service Thread" daemon [_thread_blocked, id=17800, stack(0x0000003a3f300000,0x0000003a3f400000)]
  0x000001a2c8b6a5b0 JavaThread "Monitor Deflation Thread" daemon [_thread_blocked, id=17048, stack(0x0000003a3f400000,0x0000003a3f500000)]
  0x000001a2c8b6b5b0 JavaThread "C2 CompilerThread0" daemon [_thread_blocked, id=17380, stack(0x0000003a3f500000,0x0000003a3f600000)]
  0x000001a2c8b6d0e0 JavaThread "C1 CompilerThread0" daemon [_thread_blocked, id=1836, stack(0x0000003a3f600000,0x0000003a3f700000)]
  0x000001a2c8b6fef0 JavaThread "Sweeper thread" daemon [_thread_blocked, id=10864, stack(0x0000003a3f700000,0x0000003a3f800000)]

Other Threads:
  0x000001a2c89e1ba0 VMThread "VM Thread" [stack: 0x0000003a3ee00000,0x0000003a3ef00000] [id=10292]
  0x000001a2aeae2da0 GCTaskThread "GC Thread#0" [stack: 0x0000003a3e900000,0x0000003a3ea00000] [id=19320]
  0x000001a2aeaf28e0 ConcurrentGCThread "G1 Main Marker" [stack: 0x0000003a3ea00000,0x0000003a3eb00000] [id=9032]
  0x000001a2aeaf32f0 ConcurrentGCThread "G1 Conc#0" [stack: 0x0000003a3eb00000,0x0000003a3ec00000] [id=8492]
  0x000001a2aeb4d480 ConcurrentGCThread "G1 Refine#0" [stack: 0x0000003a3ec00000,0x0000003a3ed00000] [id=1072]
  0x000001a2aeb4dea0 ConcurrentGCThread "G1 Service" [stack: 0x0000003a3ed00000,0x0000003a3ee00000] [id=904]

Threads with active compile tasks:

VM state: not at safepoint (normal execution)

VM Mutex/Monitor currently owned by a thread: None

Heap address: 0x000000008a000000, size: 1888 MB, Compressed Oops mode: 32-bit

CDS archive(s) not mapped
Compressed class space mapped at: 0x0000000100000000-0x0000000140000000, reserved size: 1073741824
Narrow klass base: 0x0000000000000000, Narrow klass shift: 3, Narrow klass range: 0x140000000

GC Precious Log:
 CPUs: 12 total, 12 available
 Memory: 7549M
 Large Page Support: Disabled
 NUMA Support: Disabled
 Compressed Oops: Enabled (32-bit)
 Heap Region Size: 1M
 Heap Min Capacity: 8M
 Heap Initial Capacity: 118M
 Heap Max Capacity: 1888M
 Pre-touch: Disabled
 Parallel Workers: 10
 Concurrent Workers: 3
 Concurrent Refinement Workers: 10
 Periodic GC: Disabled

Heap:
 garbage-first heap   total 120832K, used 0K [0x000000008a000000, 0x0000000100000000)
  region size 1024K, 1 young (1024K), 0 survivors (0K)
 Metaspace       used 2854K, committed 2944K, reserved 1114112K
  class space    used 221K, committed 256K, reserved 1048576K

Heap Regions: E=young(eden), S=young(survivor), O=old, HS=humongous(starts), HC=humongous(continues), CS=collection set, F=free, OA=open archive, CA=closed archive, TAMS=top-at-mark-start (previous, next)
|   0|0x000000008a000000, 0x000000008a000000, 0x000000008a100000|  0%| F|  |TAMS 0x000000008a000000, 0x000000008a000000| Untracked 
|   1|0x000000008a100000, 0x000000008a100000, 0x000000008a200000|  0%| F|  |TAMS 0x000000008a100000, 0x000000008a100000| Untracked 
|   2|0x000000008a200000, 0x000000008a200000, 0x000000008a300000|  0%| F|  |TAMS 0x000000008a200000, 0x000000008a200000| Untracked 
|   3|0x000000008a300000, 0x000000008a300000, 0x000000008a400000|  0%| F|  |TAMS 0x000000008a300000, 0x000000008a300000| Untracked 
|   4|0x000000008a400000, 0x000000008a400000, 0x000000008a500000|  0%| F|  |TAMS 0x000000008a400000, 0x000000008a400000| Untracked 
|   5|0x000000008a500000, 0x000000008a500000, 0x000000008a600000|  0%| F|  |TAMS 0x000000008a500000, 0x000000008a500000| Untracked 
|   6|0x000000008a600000, 0x000000008a600000, 0x000000008a700000|  0%| F|  |TAMS 0x000000008a600000, 0x000000008a600000| Untracked 
|   7|0x000000008a700000, 0x000000008a700000, 0x000000008a800000|  0%| F|  |TAMS 0x000000008a700000, 0x000000008a700000| Untracked 
|   8|0x000000008a800000, 0x000000008a800000, 0x000000008a900000|  0%| F|  |TAMS 0x000000008a800000, 0x000000008a800000| Untracked 
|   9|0x000000008a900000, 0x000000008a900000, 0x000000008aa00000|  0%| F|  |TAMS 0x000000008a900000, 0x000000008a900000| Untracked 
|  10|0x000000008aa00000, 0x000000008aa00000, 0x000000008ab00000|  0%| F|  |TAMS 0x000000008aa00000, 0x000000008aa00000| Untracked 
|  11|0x000000008ab00000, 0x000000008ab00000, 0x000000008ac00000|  0%| F|  |TAMS 0x000000008ab00000, 0x000000008ab00000| Untracked 
|  12|0x000000008ac00000, 0x000000008ac00000, 0x000000008ad00000|  0%| F|  |TAMS 0x000000008ac00000, 0x000000008ac00000| Untracked 
|  13|0x000000008ad00000, 0x000000008ad00000, 0x000000008ae00000|  0%| F|  |TAMS 0x000000008ad00000, 0x000000008ad00000| Untracked 
|  14|0x000000008ae00000, 0x000000008ae00000, 0x000000008af00000|  0%| F|  |TAMS 0x000000008ae00000, 0x000000008ae00000| Untracked 
|  15|0x000000008af00000, 0x000000008af00000, 0x000000008b000000|  0%| F|  |TAMS 0x000000008af00000, 0x000000008af00000| Untracked 
|  16|0x000000008b000000, 0x000000008b000000, 0x000000008b100000|  0%| F|  |TAMS 0x000000008b000000, 0x000000008b000000| Untracked 
|  17|0x000000008b100000, 0x000000008b100000, 0x000000008b200000|  0%| F|  |TAMS 0x000000008b100000, 0x000000008b100000| Untracked 
|  18|0x000000008b200000, 0x000000008b200000, 0x000000008b300000|  0%| F|  |TAMS 0x000000008b200000, 0x000000008b200000| Untracked 
|  19|0x000000008b300000, 0x000000008b300000, 0x000000008b400000|  0%| F|  |TAMS 0x000000008b300000, 0x000000008b300000| Untracked 
|  20|0x000000008b400000, 0x000000008b400000, 0x000000008b500000|  0%| F|  |TAMS 0x000000008b400000, 0x000000008b400000| Untracked 
|  21|0x000000008b500000, 0x000000008b500000, 0x000000008b600000|  0%| F|  |TAMS 0x000000008b500000, 0x000000008b500000| Untracked 
|  22|0x000000008b600000, 0x000000008b600000, 0x000000008b700000|  0%| F|  |TAMS 0x000000008b600000, 0x000000008b600000| Untracked 
|  23|0x000000008b700000, 0x000000008b700000, 0x000000008b800000|  0%| F|  |TAMS 0x000000008b700000, 0x000000008b700000| Untracked 
|  24|0x000000008b800000, 0x000000008b800000, 0x000000008b900000|  0%| F|  |TAMS 0x000000008b800000, 0x000000008b800000| Untracked 
|  25|0x000000008b900000, 0x000000008b900000, 0x000000008ba00000|  0%| F|  |TAMS 0x000000008b900000, 0x000000008b900000| Untracked 
|  26|0x000000008ba00000, 0x000000008ba00000, 0x000000008bb00000|  0%| F|  |TAMS 0x000000008ba00000, 0x000000008ba00000| Untracked 
|  27|0x000000008bb00000, 0x000000008bb00000, 0x000000008bc00000|  0%| F|  |TAMS 0x000000008bb00000, 0x000000008bb00000| Untracked 
|  28|0x000000008bc00000, 0x000000008bc00000, 0x000000008bd00000|  0%| F|  |TAMS 0x000000008bc00000, 0x000000008bc00000| Untracked 
|  29|0x000000008bd00000, 0x000000008bd00000, 0x000000008be00000|  0%| F|  |TAMS 0x000000008bd00000, 0x000000008bd00000| Untracked 
|  30|0x000000008be00000, 0x000000008be00000, 0x000000008bf00000|  0%| F|  |TAMS 0x000000008be00000, 0x000000008be00000| Untracked 
|  31|0x000000008bf00000, 0x000000008bf00000, 0x000000008c000000|  0%| F|  |TAMS 0x000000008bf00000, 0x000000008bf00000| Untracked 
|  32|0x000000008c000000, 0x000000008c000000, 0x000000008c100000|  0%| F|  |TAMS 0x000000008c000000, 0x000000008c000000| Untracked 
|  33|0x000000008c100000, 0x000000008c100000, 0x000000008c200000|  0%| F|  |TAMS 0x000000008c100000, 0x000000008c100000| Untracked 
|  34|0x000000008c200000, 0x000000008c200000, 0x000000008c300000|  0%| F|  |TAMS 0x000000008c200000, 0x000000008c200000| Untracked 
|  35|0x000000008c300000, 0x000000008c300000, 0x000000008c400000|  0%| F|  |TAMS 0x000000008c300000, 0x000000008c300000| Untracked 
|  36|0x000000008c400000, 0x000000008c400000, 0x000000008c500000|  0%| F|  |TAMS 0x000000008c400000, 0x000000008c400000| Untracked 
|  37|0x000000008c500000, 0x000000008c500000, 0x000000008c600000|  0%| F|  |TAMS 0x000000008c500000, 0x000000008c500000| Untracked 
|  38|0x000000008c600000, 0x000000008c600000, 0x000000008c700000|  0%| F|  |TAMS 0x000000008c600000, 0x000000008c600000| Untracked 
|  39|0x000000008c700000, 0x000000008c700000, 0x000000008c800000|  0%| F|  |TAMS 0x000000008c700000, 0x000000008c700000| Untracked 
|  40|0x000000008c800000, 0x000000008c800000, 0x000000008c900000|  0%| F|  |TAMS 0x000000008c800000, 0x000000008c800000| Untracked 
|  41|0x000000008c900000, 0x000000008c900000, 0x000000008ca00000|  0%| F|  |TAMS 0x000000008c900000, 0x000000008c900000| Untracked 
|  42|0x000000008ca00000, 0x000000008ca00000, 0x000000008cb00000|  0%| F|  |TAMS 0x000000008ca00000, 0x000000008ca00000| Untracked 
|  43|0x000000008cb00000, 0x000000008cb00000, 0x000000008cc00000|  0%| F|  |TAMS 0x000000008cb00000, 0x000000008cb00000| Untracked 
|  44|0x000000008cc00000, 0x000000008cc00000, 0x000000008cd00000|  0%| F|  |TAMS 0x000000008cc00000, 0x000000008cc00000| Untracked 
|  45|0x000000008cd00000, 0x000000008cd00000, 0x000000008ce00000|  0%| F|  |TAMS 0x000000008cd00000, 0x000000008cd00000| Untracked 
|  46|0x000000008ce00000, 0x000000008ce00000, 0x000000008cf00000|  0%| F|  |TAMS 0x000000008ce00000, 0x000000008ce00000| Untracked 
|  47|0x000000008cf00000, 0x000000008cf00000, 0x000000008d000000|  0%| F|  |TAMS 0x000000008cf00000, 0x000000008cf00000| Untracked 
|  48|0x000000008d000000, 0x000000008d000000, 0x000000008d100000|  0%| F|  |TAMS 0x000000008d000000, 0x000000008d000000| Untracked 
|  49|0x000000008d100000, 0x000000008d100000, 0x000000008d200000|  0%| F|  |TAMS 0x000000008d100000, 0x000000008d100000| Untracked 
|  50|0x000000008d200000, 0x000000008d200000, 0x000000008d300000|  0%| F|  |TAMS 0x000000008d200000, 0x000000008d200000| Untracked 
|  51|0x000000008d300000, 0x000000008d300000, 0x000000008d400000|  0%| F|  |TAMS 0x000000008d300000, 0x000000008d300000| Untracked 
|  52|0x000000008d400000, 0x000000008d400000, 0x000000008d500000|  0%| F|  |TAMS 0x000000008d400000, 0x000000008d400000| Untracked 
|  53|0x000000008d500000, 0x000000008d500000, 0x000000008d600000|  0%| F|  |TAMS 0x000000008d500000, 0x000000008d500000| Untracked 
|  54|0x000000008d600000, 0x000000008d600000, 0x000000008d700000|  0%| F|  |TAMS 0x000000008d600000, 0x000000008d600000| Untracked 
|  55|0x000000008d700000, 0x000000008d700000, 0x000000008d800000|  0%| F|  |TAMS 0x000000008d700000, 0x000000008d700000| Untracked 
|  56|0x000000008d800000, 0x000000008d800000, 0x000000008d900000|  0%| F|  |TAMS 0x000000008d800000, 0x000000008d800000| Untracked 
|  57|0x000000008d900000, 0x000000008d900000, 0x000000008da00000|  0%| F|  |TAMS 0x000000008d900000, 0x000000008d900000| Untracked 
|  58|0x000000008da00000, 0x000000008da00000, 0x000000008db00000|  0%| F|  |TAMS 0x000000008da00000, 0x000000008da00000| Untracked 
|  59|0x000000008db00000, 0x000000008db00000, 0x000000008dc00000|  0%| F|  |TAMS 0x000000008db00000, 0x000000008db00000| Untracked 
|  60|0x000000008dc00000, 0x000000008dc00000, 0x000000008dd00000|  0%| F|  |TAMS 0x000000008dc00000, 0x000000008dc00000| Untracked 
|  61|0x000000008dd00000, 0x000000008dd00000, 0x000000008de00000|  0%| F|  |TAMS 0x000000008dd00000, 0x000000008dd00000| Untracked 
|  62|0x000000008de00000, 0x000000008de00000, 0x000000008df00000|  0%| F|  |TAMS 0x000000008de00000, 0x000000008de00000| Untracked 
|  63|0x000000008df00000, 0x000000008df00000, 0x000000008e000000|  0%| F|  |TAMS 0x000000008df00000, 0x000000008df00000| Untracked 
|  64|0x000000008e000000, 0x000000008e000000, 0x000000008e100000|  0%| F|  |TAMS 0x000000008e000000, 0x000000008e000000| Untracked 
|  65|0x000000008e100000, 0x000000008e100000, 0x000000008e200000|  0%| F|  |TAMS 0x000000008e100000, 0x000000008e100000| Untracked 
|  66|0x000000008e200000, 0x000000008e200000, 0x000000008e300000|  0%| F|  |TAMS 0x000000008e200000, 0x000000008e200000| Untracked 
|  67|0x000000008e300000, 0x000000008e300000, 0x000000008e400000|  0%| F|  |TAMS 0x000000008e300000, 0x000000008e300000| Untracked 
|  68|0x000000008e400000, 0x000000008e400000, 0x000000008e500000|  0%| F|  |TAMS 0x000000008e400000, 0x000000008e400000| Untracked 
|  69|0x000000008e500000, 0x000000008e500000, 0x000000008e600000|  0%| F|  |TAMS 0x000000008e500000, 0x000000008e500000| Untracked 
|  70|0x000000008e600000, 0x000000008e600000, 0x000000008e700000|  0%| F|  |TAMS 0x000000008e600000, 0x000000008e600000| Untracked 
|  71|0x000000008e700000, 0x000000008e700000, 0x000000008e800000|  0%| F|  |TAMS 0x000000008e700000, 0x000000008e700000| Untracked 
|  72|0x000000008e800000, 0x000000008e800000, 0x000000008e900000|  0%| F|  |TAMS 0x000000008e800000, 0x000000008e800000| Untracked 
|  73|0x000000008e900000, 0x000000008e900000, 0x000000008ea00000|  0%| F|  |TAMS 0x000000008e900000, 0x000000008e900000| Untracked 
|  74|0x000000008ea00000, 0x000000008ea00000, 0x000000008eb00000|  0%| F|  |TAMS 0x000000008ea00000, 0x000000008ea00000| Untracked 
|  75|0x000000008eb00000, 0x000000008eb00000, 0x000000008ec00000|  0%| F|  |TAMS 0x000000008eb00000, 0x000000008eb00000| Untracked 
|  76|0x000000008ec00000, 0x000000008ec00000, 0x000000008ed00000|  0%| F|  |TAMS 0x000000008ec00000, 0x000000008ec00000| Untracked 
|  77|0x000000008ed00000, 0x000000008ed00000, 0x000000008ee00000|  0%| F|  |TAMS 0x000000008ed00000, 0x000000008ed00000| Untracked 
|  78|0x000000008ee00000, 0x000000008ee00000, 0x000000008ef00000|  0%| F|  |TAMS 0x000000008ee00000, 0x000000008ee00000| Untracked 
|  79|0x000000008ef00000, 0x000000008ef00000, 0x000000008f000000|  0%| F|  |TAMS 0x000000008ef00000, 0x000000008ef00000| Untracked 
|  80|0x000000008f000000, 0x000000008f000000, 0x000000008f100000|  0%| F|  |TAMS 0x000000008f000000, 0x000000008f000000| Untracked 
|  81|0x000000008f100000, 0x000000008f100000, 0x000000008f200000|  0%| F|  |TAMS 0x000000008f100000, 0x000000008f100000| Untracked 
|  82|0x000000008f200000, 0x000000008f200000, 0x000000008f300000|  0%| F|  |TAMS 0x000000008f200000, 0x000000008f200000| Untracked 
|  83|0x000000008f300000, 0x000000008f300000, 0x000000008f400000|  0%| F|  |TAMS 0x000000008f300000, 0x000000008f300000| Untracked 
|  84|0x000000008f400000, 0x000000008f400000, 0x000000008f500000|  0%| F|  |TAMS 0x000000008f400000, 0x000000008f400000| Untracked 
|  85|0x000000008f500000, 0x000000008f500000, 0x000000008f600000|  0%| F|  |TAMS 0x000000008f500000, 0x000000008f500000| Untracked 
|  86|0x000000008f600000, 0x000000008f600000, 0x000000008f700000|  0%| F|  |TAMS 0x000000008f600000, 0x000000008f600000| Untracked 
|  87|0x000000008f700000, 0x000000008f700000, 0x000000008f800000|  0%| F|  |TAMS 0x000000008f700000, 0x000000008f700000| Untracked 
|  88|0x000000008f800000, 0x000000008f800000, 0x000000008f900000|  0%| F|  |TAMS 0x000000008f800000, 0x000000008f800000| Untracked 
|  89|0x000000008f900000, 0x000000008f900000, 0x000000008fa00000|  0%| F|  |TAMS 0x000000008f900000, 0x000000008f900000| Untracked 
|  90|0x000000008fa00000, 0x000000008fa00000, 0x000000008fb00000|  0%| F|  |TAMS 0x000000008fa00000, 0x000000008fa00000| Untracked 
|  91|0x000000008fb00000, 0x000000008fb00000, 0x000000008fc00000|  0%| F|  |TAMS 0x000000008fb00000, 0x000000008fb00000| Untracked 
|  92|0x000000008fc00000, 0x000000008fc00000, 0x000000008fd00000|  0%| F|  |TAMS 0x000000008fc00000, 0x000000008fc00000| Untracked 
|  93|0x000000008fd00000, 0x000000008fd00000, 0x000000008fe00000|  0%| F|  |TAMS 0x000000008fd00000, 0x000000008fd00000| Untracked 
|  94|0x000000008fe00000, 0x000000008fe00000, 0x000000008ff00000|  0%| F|  |TAMS 0x000000008fe00000, 0x000000008fe00000| Untracked 
|  95|0x000000008ff00000, 0x000000008ff00000, 0x0000000090000000|  0%| F|  |TAMS 0x000000008ff00000, 0x000000008ff00000| Untracked 
|  96|0x0000000090000000, 0x0000000090000000, 0x0000000090100000|  0%| F|  |TAMS 0x0000000090000000, 0x0000000090000000| Untracked 
|  97|0x0000000090100000, 0x0000000090100000, 0x0000000090200000|  0%| F|  |TAMS 0x0000000090100000, 0x0000000090100000| Untracked 
|  98|0x0000000090200000, 0x0000000090200000, 0x0000000090300000|  0%| F|  |TAMS 0x0000000090200000, 0x0000000090200000| Untracked 
|  99|0x0000000090300000, 0x0000000090300000, 0x0000000090400000|  0%| F|  |TAMS 0x0000000090300000, 0x0000000090300000| Untracked 
| 100|0x0000000090400000, 0x0000000090400000, 0x0000000090500000|  0%| F|  |TAMS 0x0000000090400000, 0x0000000090400000| Untracked 
| 101|0x0000000090500000, 0x0000000090500000, 0x0000000090600000|  0%| F|  |TAMS 0x0000000090500000, 0x0000000090500000| Untracked 
| 102|0x0000000090600000, 0x0000000090600000, 0x0000000090700000|  0%| F|  |TAMS 0x0000000090600000, 0x0000000090600000| Untracked 
| 103|0x0000000090700000, 0x0000000090700000, 0x0000000090800000|  0%| F|  |TAMS 0x0000000090700000, 0x0000000090700000| Untracked 
| 104|0x0000000090800000, 0x0000000090800000, 0x0000000090900000|  0%| F|  |TAMS 0x0000000090800000, 0x0000000090800000| Untracked 
| 105|0x0000000090900000, 0x0000000090900000, 0x0000000090a00000|  0%| F|  |TAMS 0x0000000090900000, 0x0000000090900000| Untracked 
| 106|0x0000000090a00000, 0x0000000090a00000, 0x0000000090b00000|  0%| F|  |TAMS 0x0000000090a00000, 0x0000000090a00000| Untracked 
| 107|0x0000000090b00000, 0x0000000090b00000, 0x0000000090c00000|  0%| F|  |TAMS 0x0000000090b00000, 0x0000000090b00000| Untracked 
| 108|0x0000000090c00000, 0x0000000090c00000, 0x0000000090d00000|  0%| F|  |TAMS 0x0000000090c00000, 0x0000000090c00000| Untracked 
| 109|0x0000000090d00000, 0x0000000090d00000, 0x0000000090e00000|  0%| F|  |TAMS 0x0000000090d00000, 0x0000000090d00000| Untracked 
| 110|0x0000000090e00000, 0x0000000090e00000, 0x0000000090f00000|  0%| F|  |TAMS 0x0000000090e00000, 0x0000000090e00000| Untracked 
| 111|0x0000000090f00000, 0x0000000090f00000, 0x0000000091000000|  0%| F|  |TAMS 0x0000000090f00000, 0x0000000090f00000| Untracked 
| 112|0x0000000091000000, 0x0000000091000000, 0x0000000091100000|  0%| F|  |TAMS 0x0000000091000000, 0x0000000091000000| Untracked 
| 113|0x0000000091100000, 0x0000000091100000, 0x0000000091200000|  0%| F|  |TAMS 0x0000000091100000, 0x0000000091100000| Untracked 
| 114|0x0000000091200000, 0x0000000091200000, 0x0000000091300000|  0%| F|  |TAMS 0x0000000091200000, 0x0000000091200000| Untracked 
| 115|0x0000000091300000, 0x0000000091300000, 0x0000000091400000|  0%| F|  |TAMS 0x0000000091300000, 0x0000000091300000| Untracked 
| 116|0x0000000091400000, 0x0000000091400000, 0x0000000091500000|  0%| F|  |TAMS 0x0000000091400000, 0x0000000091400000| Untracked 
| 117|0x0000000091500000, 0x00000000915eb988, 0x0000000091600000| 92%| E|  |TAMS 0x0000000091500000, 0x0000000091500000| Complete 

Card table byte_map: [0x000001a2c1b10000,0x000001a2c1ec0000] _byte_map_base: 0x000001a2c16c0000

Marking Bits (Prev, Next): (CMBitMap*) 0x000001a2aeae33b0, (CMBitMap*) 0x000001a2aeae33f0
 Prev Bits: [0x000001a2c2270000, 0x000001a2c3ff0000)
 Next Bits: [0x000001a2c3ff0000, 0x000001a2c5d70000)

Polling page: 0x000001a2ac9e0000

Metaspace:

Usage:
  Non-class:      2.57 MB used.
      Class:    221.64 KB used.
       Both:      2.79 MB used.

Virtual space:
  Non-class space:       64.00 MB reserved,       2.62 MB (  4%) committed,  1 nodes.
      Class space:        1.00 GB reserved,     256.00 KB ( <1%) committed,  1 nodes.
             Both:        1.06 GB reserved,       2.88 MB ( <1%) committed. 

Chunk freelists:
   Non-Class:  12.00 MB
       Class:  15.75 MB
        Both:  27.75 MB

MaxMetaspaceSize: unlimited
CompressedClassSpaceSize: 1.00 GB
Initial GC threshold: 21.00 MB
Current GC threshold: 21.00 MB
CDS: off
MetaspaceReclaimPolicy: balanced
 - commit_granule_bytes: 65536.
 - commit_granule_words: 8192.
 - virtual_space_node_default_size: 8388608.
 - enlarge_chunks_in_place: 1.
 - new_chunks_are_fully_committed: 0.
 - uncommit_free_chunks: 1.
 - use_allocation_guard: 0.
 - handle_deallocations: 1.


Internal statistics:

num_allocs_failed_limit: 0.
num_arena_births: 2.
num_arena_deaths: 0.
num_vsnodes_births: 2.
num_vsnodes_deaths: 0.
num_space_committed: 46.
num_space_uncommitted: 0.
num_chunks_returned_to_freelist: 0.
num_chunks_taken_from_freelist: 3.
num_chunk_merges: 0.
num_chunk_splits: 2.
num_chunks_enlarged: 0.
num_inconsistent_stats: 0.

CodeHeap 'non-profiled nmethods': size=120000Kb used=0Kb max_used=0Kb free=120000Kb
 bounds [0x000001a2b9cd0000, 0x000001a2b9f40000, 0x000001a2c1200000]
CodeHeap 'profiled nmethods': size=120000Kb used=0Kb max_used=0Kb free=120000Kb
 bounds [0x000001a2b2200000, 0x000001a2b2470000, 0x000001a2b9730000]
CodeHeap 'non-nmethods': size=5760Kb used=1015Kb max_used=1028Kb free=4745Kb
 bounds [0x000001a2b9730000, 0x000001a2b99a0000, 0x000001a2b9cd0000]
 total_blobs=267 nmethods=0 adapters=181
 compilation: enabled
              stopped_count=0, restarted_count=0
 full_count=0

Compilation events (0 events):
No events

GC Heap History (0 events):
No events

Dll operation events (1 events):
Event: 0.004 Loaded shared library C:\Users\Lenovo\Desktop\PyCharm Community Edition 2023.2\jbr\bin\java.dll

Deoptimization events (0 events):
No events

Classes unloaded (0 events):
No events

Classes redefined (0 events):
No events

Internal exceptions (0 events):
No events

VM Operations (0 events):
No events

Events (20 events):
Event: 0.046 loading class java/util/Collections$EmptySet
Event: 0.046 loading class java/util/Collections$EmptySet done
Event: 0.046 loading class java/util/Collections$EmptyList
Event: 0.046 loading class java/util/Collections$EmptyList done
Event: 0.046 loading class java/util/Collections$EmptyMap
Event: 0.046 loading class java/util/Collections$EmptyMap done
Event: 0.046 loading class java/lang/IllegalArgumentException
Event: 0.046 loading class java/lang/IllegalArgumentException done
Event: 0.046 Thread 0x000001a2c8b76570 Thread added: 0x000001a2c8b76570
Event: 0.046 Thread 0x000001a2c8b76f20 Thread added: 0x000001a2c8b76f20
Event: 0.046 Thread 0x000001a2c8b778d0 Thread added: 0x000001a2c8b778d0
Event: 0.046 Thread 0x000001a2c8b6a5b0 Thread added: 0x000001a2c8b6a5b0
Event: 0.047 Thread 0x000001a2c8b6b5b0 Thread added: 0x000001a2c8b6b5b0
Event: 0.047 Thread 0x000001a2c8b6d0e0 Thread added: 0x000001a2c8b6d0e0
Event: 0.047 Thread 0x000001a2c8b6fef0 Thread added: 0x000001a2c8b6fef0
Event: 0.047 loading class java/lang/invoke/MethodHandleStatics
Event: 0.047 loading class java/lang/invoke/MethodHandleStatics done
Event: 0.047 loading class jdk/internal/module/ModuleBootstrap
Event: 0.048 loading class jdk/internal/module/ModuleBootstrap done
Event: 0.048 loading class java/lang/module/ModuleDescriptor


Dynamic libraries:
0x00007ff7f6c00000 - 0x00007ff7f6c0a000 	C:\Users\Lenovo\Desktop\PyCharm Community Edition 2023.2\jbr\bin\java.exe
0x00007ff9326d0000 - 0x00007ff9328e7000 	C:\WINDOWS\SYSTEM32\ntdll.dll
0x00007ff9310d0000 - 0x00007ff931194000 	C:\WINDOWS\System32\KERNEL32.DLL
0x00007ff92fce0000 - 0x00007ff930086000 	C:\WINDOWS\System32\KERNELBASE.dll
0x00007ff930310000 - 0x00007ff930421000 	C:\WINDOWS\System32\ucrtbase.dll
0x00007ff916980000 - 0x00007ff916997000 	C:\Users\Lenovo\Desktop\PyCharm Community Edition 2023.2\jbr\bin\jli.dll
0x00007ff9286f0000 - 0x00007ff92870b000 	C:\Users\Lenovo\Desktop\PyCharm Community Edition 2023.2\jbr\bin\VCRUNTIME140.dll
0x00007ff930ec0000 - 0x00007ff93106d000 	C:\WINDOWS\System32\USER32.dll
0x00007ff9301c0000 - 0x00007ff9301e6000 	C:\WINDOWS\System32\win32u.dll
0x00007ff91f910000 - 0x00007ff91fba3000 	C:\WINDOWS\WinSxS\amd64_microsoft.windows.common-controls_6595b64144ccf1df_6.0.22621.2361_none_2712ced57382f843\COMCTL32.dll
0x00007ff931a80000 - 0x00007ff931aa9000 	C:\WINDOWS\System32\GDI32.dll
0x00007ff931520000 - 0x00007ff9315c7000 	C:\WINDOWS\System32\msvcrt.dll
0x00007ff92fa50000 - 0x00007ff92fb68000 	C:\WINDOWS\System32\gdi32full.dll
0x00007ff930270000 - 0x00007ff93030a000 	C:\WINDOWS\System32\msvcp_win.dll
0x00007ff931b60000 - 0x00007ff931b91000 	C:\WINDOWS\System32\IMM32.DLL
0x00007ff92a0b0000 - 0x00007ff92a0bc000 	C:\Users\Lenovo\Desktop\PyCharm Community Edition 2023.2\jbr\bin\vcruntime140_1.dll
0x00007ff901300000 - 0x00007ff90138d000 	C:\Users\Lenovo\Desktop\PyCharm Community Edition 2023.2\jbr\bin\msvcp140.dll
0x00007ff8f7800000 - 0x00007ff8f8480000 	C:\Users\Lenovo\Desktop\PyCharm Community Edition 2023.2\jbr\bin\server\jvm.dll
0x00007ff931ab0000 - 0x00007ff931b60000 	C:\WINDOWS\System32\ADVAPI32.dll
0x00007ff9324e0000 - 0x00007ff932586000 	C:\WINDOWS\System32\sechost.dll
0x00007ff9315d0000 - 0x00007ff9316e7000 	C:\WINDOWS\System32\RPCRT4.dll
0x00007ff91f8c0000 - 0x00007ff91f8c9000 	C:\WINDOWS\SYSTEM32\WSOCK32.dll
0x00007ff928a60000 - 0x00007ff928a94000 	C:\WINDOWS\SYSTEM32\WINMM.dll
0x00007ff9325b0000 - 0x00007ff932621000 	C:\WINDOWS\System32\WS2_32.dll
0x00007ff927a50000 - 0x00007ff927a5a000 	C:\WINDOWS\SYSTEM32\VERSION.dll
0x00007ff92eb20000 - 0x00007ff92eb38000 	C:\WINDOWS\SYSTEM32\kernel.appcore.dll
0x00007ff91eab0000 - 0x00007ff91eaba000 	C:\Users\Lenovo\Desktop\PyCharm Community Edition 2023.2\jbr\bin\jimage.dll
0x00007ff926620000 - 0x00007ff92684e000 	C:\WINDOWS\SYSTEM32\DBGHELP.DLL
0x00007ff9316f0000 - 0x00007ff931a7a000 	C:\WINDOWS\System32\combase.dll
0x00007ff9320b0000 - 0x00007ff932187000 	C:\WINDOWS\System32\OLEAUT32.dll
0x00007ff917fc0000 - 0x00007ff917ff2000 	C:\WINDOWS\SYSTEM32\dbgcore.DLL
0x00007ff9301f0000 - 0x00007ff93026a000 	C:\WINDOWS\System32\bcryptPrimitives.dll
0x00007ff91d070000 - 0x00007ff91d095000 	C:\Users\Lenovo\Desktop\PyCharm Community Edition 2023.2\jbr\bin\java.dll
0x00007ff91c480000 - 0x00007ff91c498000 	C:\Users\Lenovo\Desktop\PyCharm Community Edition 2023.2\jbr\bin\zip.dll
0x00007ff930460000 - 0x00007ff930cb8000 	C:\WINDOWS\System32\SHELL32.dll
0x00007ff92d9c0000 - 0x00007ff92e2b2000 	C:\WINDOWS\SYSTEM32\windows.storage.dll
0x00007ff92d880000 - 0x00007ff92d9be000 	C:\WINDOWS\SYSTEM32\wintypes.dll
0x00007ff9323e0000 - 0x00007ff9324d3000 	C:\WINDOWS\System32\SHCORE.dll
0x00007ff932630000 - 0x00007ff93268e000 	C:\WINDOWS\System32\shlwapi.dll
0x00007ff92f980000 - 0x00007ff92f9a6000 	C:\WINDOWS\SYSTEM32\profapi.dll

dbghelp: loaded successfully - version: 4.0.5 - missing functions: none
symbol engine: initialized successfully - sym options: 0x614 - pdb path: .;C:\Users\Lenovo\Desktop\PyCharm Community Edition 2023.2\jbr\bin;C:\WINDOWS\SYSTEM32;C:\WINDOWS\WinSxS\amd64_microsoft.windows.common-controls_6595b64144ccf1df_6.0.22621.2361_none_2712ced57382f843;C:\Users\Lenovo\Desktop\PyCharm Community Edition 2023.2\jbr\bin\server

VM Arguments:
java_command: git4idea.http.GitAskPassApp Username for 'https://github.com': 
java_class_path (initial): C:/Users/Lenovo/Desktop/PyCharm Community Edition 2023.2/plugins/vcs-git/lib/git4idea-rt.jar;C:/Users/Lenovo/Desktop/PyCharm Community Edition 2023.2/lib/externalProcess-rt.jar
Launcher Type: SUN_STANDARD

[Global flags]
     intx CICompilerCount                          = 4                                         {product} {ergonomic}
     uint ConcGCThreads                            = 3                                         {product} {ergonomic}
     uint G1ConcRefinementThreads                  = 10                                        {product} {ergonomic}
   size_t G1HeapRegionSize                         = 1048576                                   {product} {ergonomic}
    uintx GCDrainStackTargetSize                   = 64                                        {product} {ergonomic}
   size_t InitialHeapSize                          = 123731968                                 {product} {ergonomic}
   size_t MarkStackSize                            = 4194304                                   {product} {ergonomic}
   size_t MaxHeapSize                              = 1979711488                                {product} {ergonomic}
   size_t MaxNewSize                               = 1186988032                                {product} {ergonomic}
   size_t MinHeapDeltaBytes                        = 1048576                                   {product} {ergonomic}
   size_t MinHeapSize                              = 8388608                                   {product} {ergonomic}
    uintx NonNMethodCodeHeapSize                   = 5839372                                {pd product} {ergonomic}
    uintx NonProfiledCodeHeapSize                  = 122909434                              {pd product} {ergonomic}
    uintx ProfiledCodeHeapSize                     = 122909434                              {pd product} {ergonomic}
    uintx ReservedCodeCacheSize                    = 251658240                              {pd product} {ergonomic}
     bool SegmentedCodeCache                       = true                                      {product} {ergonomic}
   size_t SoftMaxHeapSize                          = 1979711488                             {manageable} {ergonomic}
     bool UseCompressedClassPointers               = true                           {product lp64_product} {ergonomic}
     bool UseCompressedOops                        = true                           {product lp64_product} {ergonomic}
     bool UseG1GC                                  = true                                      {product} {ergonomic}
     bool UseLargePagesIndividualAllocation        = false                                  {pd product} {ergonomic}

Logging:
Log output configuration:
 #0: stdout all=warning uptime,level,tags
 #1: stderr all=off uptime,level,tags

Environment Variables:
PATH=C:/Program Files/Git/mingw64/libexec/git-core;C:/Program Files/Git/mingw64/libexec/git-core;C:\Program Files\Git\mingw64\bin;C:\Program Files\Git\usr\bin;C:\Users\Lenovo\bin;C:\Users\Lenovo\Desktop\hometask\venv\Scripts;C:\Program Files\Eclipse Adoptium\jdk-17.0.6.10-hotspot\bin;C:\Program Files\Common Files\Oracle\Java\javapath;C:\Program Files (x86)\Common Files\Oracle\Java\javapath;C:\Windows\system32;C:\Windows;C:\Windows\System32\Wbem;C:\Windows\System32\WindowsPowerShell\v1.0\;C:\Windows\System32\OpenSSH\;C:\Program Files\dotnet\;C:\Program Files (x86)\IDEMIA\AWP\Dlls;C:\Program Files\IDEMIA\AWP\Dlls;C:\WINDOWS\system32;C:\WINDOWS;C:\WINDOWS\System32\Wbem;C:\WINDOWS\System32\WindowsPowerShell\v1.0\;C:\WINDOWS\System32\OpenSSH\;C:\Program Files\Git\cmd;C:\Users\Lenovo\AppData\Local\Programs\Python\Python310\Scripts\;C:\Users\Lenovo\AppData\Local\Programs\Python\Python310\;C:\Users\Lenovo\AppData\Local\Programs\Python\Python39\Scripts\;C:\Users\Lenovo\AppData\Local\Programs\Python\Python39\;C:\Users\Lenovo\AppData\Local\Microsoft\WindowsApps;C:\Users\Lenovo\.dotnet\tools;C:\Users\Lenovo\AppData\Local\Programs\Microsoft VS Code\bin
USERNAME=Lenovo
DISPLAY=:0.0
LC_ALL=en_US.UTF-8
TERM=xterm-256color
TMPDIR=D:\
OS=Windows_NT
PROCESSOR_IDENTIFIER=AMD64 Family 23 Model 96 Stepping 1, AuthenticAMD
TMP=D:\
TEMP=D:\


JNI global refs:
JNI global refs: 6, weak refs: 0

JNI global refs memory usage: 843, weak refs: 209

OOME stack traces (most recent first):
Classloader memory used:
Loader bootstrap                                                                       : 356K


---------------  S Y S T E M  ---------------

OS:
 Windows 11 , 64 bit Build 22621 (10.0.22621.2428)
OS uptime: 0 days 20:59 hours

CPU: total 12 (initial active 12) (12 cores per cpu, 2 threads per core) family 23 model 96 stepping 1 microcode 0x0, cx8, cmov, fxsr, ht, mmx, 3dnowpref, sse, sse2, sse3, ssse3, sse4a, sse4.1, sse4.2, popcnt, lzcnt, tsc, tscinvbit, avx, avx2, aes, clmul, bmi1, bmi2, adx, sha, fma, vzeroupper, clflush, clflushopt

Memory: 4k page, system-wide physical 7549M (557M free)
TotalPageFile size 11645M (AvailPageFile size 10M)
current process WorkingSet (physical memory assigned to process): 25M, peak: 25M
current process commit charge ("private bytes"): 193M, peak: 194M

vm_info: OpenJDK 64-Bit Server VM (17.0.7+7-b1000.6) for windows-amd64 JRE (17.0.7+7-b1000.6), built on 2023-07-07 by "builduser" with MS VC++ 16.10 / 16.11 (VS2019)

END.
