#
# There is insufficient memory for the Java Runtime Environment to continue.
# Native memory allocation (malloc) failed to allocate 65552 bytes for Chunk::new
# Possible reasons:
#   The system is out of physical RAM or swap space
#   The process is running with CompressedOops enabled, and the Java Heap may be blocking the growth of the native heap
# Possible solutions:
#   Reduce memory load on the system
#   Increase physical memory or swap space
#   Check if swap backing store is full
#   Decrease Java heap size (-Xmx/-Xms)
#   Decrease number of Java threads
#   Decrease Java thread stack sizes (-Xss)
#   Set larger code cache with -XX:ReservedCodeCacheSize=
#   JVM is running with Unscaled Compressed Oops mode in which the Java heap is
#     placed in the first 4GB address space. The Java Heap base address is the
#     maximum limit for the native heap growth. Please use -XX:HeapBaseMinAddress
#     to set the Java Heap base and to place the Java Heap above 4GB virtual address.
# This output file may be truncated or incomplete.
#
#  Out of Memory Error (arena.cpp:189), pid=4896, tid=12628
#
# JRE version: OpenJDK Runtime Environment JBR-17.0.7+7-1000.6-jcef (17.0.7+7) (build 17.0.7+7-b1000.6)
# Java VM: OpenJDK 64-Bit Server VM JBR-17.0.7+7-1000.6-jcef (17.0.7+7-b1000.6, mixed mode, tiered, compressed oops, compressed class ptrs, g1 gc, windows-amd64)
# No core dump will be written. Minidumps are not enabled by default on client versions of Windows
#

---------------  S U M M A R Y ------------

Command Line: git4idea.http.GitAskPassApp Username for 'https://github.com': 

Host: AMD Ryzen 5 4600H with Radeon Graphics         , 12 cores, 7G,  Windows 11 , 64 bit Build 22621 (10.0.22621.2428)
Time: Mon Nov  6 20:14:43 2023 RTZ 2 (s 11 , 64 bit Build 22621 (10.0.22621.2428) elapsed time: 0.636455 seconds (0d 0h 0m 0s)

---------------  T H R E A D  ---------------

Current thread (0x00000163436ba3d0):  JavaThread "C2 CompilerThread0" daemon [_thread_in_native, id=12628, stack(0x0000001c26000000,0x0000001c26100000)]


Current CompileTask:
C2:    636 1001       4       sun.security.util.math.intpoly.IntegerPolynomialP256::mult (943 bytes)

Stack: [0x0000001c26000000,0x0000001c26100000]
Native frames: (J=compiled Java code, j=interpreted, Vv=VM code, C=native code)
V  [jvm.dll+0x683bfa]
V  [jvm.dll+0x8430a4]
V  [jvm.dll+0x8449be]
V  [jvm.dll+0x845023]
V  [jvm.dll+0x24ad2f]
V  [jvm.dll+0xac25c]
V  [jvm.dll+0xac82c]
V  [jvm.dll+0x6a7583]
V  [jvm.dll+0x21be42]
V  [jvm.dll+0x1a605d]
V  [jvm.dll+0x22c148]
V  [jvm.dll+0x22a209]
V  [jvm.dll+0x7f858c]
V  [jvm.dll+0x7f2aea]
V  [jvm.dll+0x682a35]
C  [ucrtbase.dll+0x29363]
C  [KERNEL32.DLL+0x1257d]
C  [ntdll.dll+0x5aa78]


---------------  P R O C E S S  ---------------

Threads class SMR info:
_java_thread_list=0x0000016348386f50, length=16, elements={
0x000001632975dec0, 0x00000163436ce260, 0x00000163437f0080, 0x00000163436b79e0,
0x00000163436b8390, 0x00000163436b8d40, 0x00000163436b96f0, 0x00000163436ba3d0,
0x0000016343802d60, 0x0000016343805370, 0x000001634399cf90, 0x00000163439a5470,
0x0000016348037930, 0x0000016348038200, 0x000001634827d9c0, 0x00000163483a20a0
}

Java Threads: ( => current thread )
  0x000001632975dec0 JavaThread "main" [_thread_blocked, id=9152, stack(0x0000001c25300000,0x0000001c25400000)]
  0x00000163436ce260 JavaThread "Reference Handler" daemon [_thread_blocked, id=14684, stack(0x0000001c25a00000,0x0000001c25b00000)]
  0x00000163437f0080 JavaThread "Finalizer" daemon [_thread_blocked, id=17296, stack(0x0000001c25b00000,0x0000001c25c00000)]
  0x00000163436b79e0 JavaThread "Signal Dispatcher" daemon [_thread_blocked, id=4220, stack(0x0000001c25c00000,0x0000001c25d00000)]
  0x00000163436b8390 JavaThread "Attach Listener" daemon [_thread_blocked, id=8816, stack(0x0000001c25d00000,0x0000001c25e00000)]
  0x00000163436b8d40 JavaThread "Service Thread" daemon [_thread_blocked, id=10072, stack(0x0000001c25e00000,0x0000001c25f00000)]
  0x00000163436b96f0 JavaThread "Monitor Deflation Thread" daemon [_thread_blocked, id=8404, stack(0x0000001c25f00000,0x0000001c26000000)]
=>0x00000163436ba3d0 JavaThread "C2 CompilerThread0" daemon [_thread_in_native, id=12628, stack(0x0000001c26000000,0x0000001c26100000)]
  0x0000016343802d60 JavaThread "C1 CompilerThread0" daemon [_thread_blocked, id=1952, stack(0x0000001c26100000,0x0000001c26200000)]
  0x0000016343805370 JavaThread "Sweeper thread" daemon [_thread_blocked, id=18248, stack(0x0000001c26200000,0x0000001c26300000)]
  0x000001634399cf90 JavaThread "Notification Thread" daemon [_thread_blocked, id=4040, stack(0x0000001c26300000,0x0000001c26400000)]
  0x00000163439a5470 JavaThread "Common-Cleaner" daemon [_thread_blocked, id=17008, stack(0x0000001c26500000,0x0000001c26600000)]
  0x0000016348037930 JavaThread "HttpClient-1-SelectorManager" daemon [_thread_in_native, id=7784, stack(0x0000001c26700000,0x0000001c26800000)]
  0x0000016348038200 JavaThread "HttpClient-1-Worker-0" daemon [_thread_in_vm, id=16344, stack(0x0000001c26900000,0x0000001c26a00000)]
  0x000001634827d9c0 JavaThread "HttpClient-1-Worker-1" daemon [_thread_blocked, id=7412, stack(0x0000001c26a00000,0x0000001c26b00000)]
  0x00000163483a20a0 JavaThread "C2 CompilerThread1" daemon [_thread_in_native, id=17252, stack(0x0000001c26600000,0x0000001c26700000)]

Other Threads:
  0x00000163436aab90 VMThread "VM Thread" [stack: 0x0000001c25900000,0x0000001c25a00000] [id=18364]
  0x00000163297cbd10 WatcherThread [stack: 0x0000001c26400000,0x0000001c26500000] [id=6860]
  0x00000163297b4d30 GCTaskThread "GC Thread#0" [stack: 0x0000001c25400000,0x0000001c25500000] [id=6260]
  0x00000163297c4870 ConcurrentGCThread "G1 Main Marker" [stack: 0x0000001c25500000,0x0000001c25600000] [id=10136]
  0x00000163297c5280 ConcurrentGCThread "G1 Conc#0" [stack: 0x0000001c25600000,0x0000001c25700000] [id=7064]
  0x000001632981d000 ConcurrentGCThread "G1 Refine#0" [stack: 0x0000001c25700000,0x0000001c25800000] [id=12972]
  0x000001632981ea30 ConcurrentGCThread "G1 Service" [stack: 0x0000001c25800000,0x0000001c25900000] [id=13080]

Threads with active compile tasks:
C2 CompilerThread0      646 1001       4       sun.security.util.math.intpoly.IntegerPolynomialP256::mult (943 bytes)
C2 CompilerThread1      646 1022   !   4       java.util.zip.Inflater::finished (19 bytes)

VM state: not at safepoint (normal execution)

VM Mutex/Monitor currently owned by a thread:  ([mutex/lock_event])
[0x000001632975a050] Metaspace_lock - owner thread: 0x0000016348038200
[0x0000016329758d30] Compile_lock - owner thread: 0x0000000000000000

Heap address: 0x000000008a000000, size: 1888 MB, Compressed Oops mode: 32-bit

CDS archive(s) not mapped
Compressed class space mapped at: 0x0000000100000000-0x0000000140000000, reserved size: 1073741824
Narrow klass base: 0x0000000000000000, Narrow klass shift: 3, Narrow klass range: 0x140000000

GC Precious Log:
 CPUs: 12 total, 12 available
 Memory: 7549M
 Large Page Support: Disabled
 NUMA Support: Disabled
 Compressed Oops: Enabled (32-bit)
 Heap Region Size: 1M
 Heap Min Capacity: 8M
 Heap Initial Capacity: 118M
 Heap Max Capacity: 1888M
 Pre-touch: Disabled
 Parallel Workers: 10
 Concurrent Workers: 3
 Concurrent Refinement Workers: 10
 Periodic GC: Disabled

Heap:
 garbage-first heap   total 120832K, used 13312K [0x000000008a000000, 0x0000000100000000)
  region size 1024K, 14 young (14336K), 0 survivors (0K)
 Metaspace       used 16355K, committed 16512K, reserved 1114112K
  class space    used 1713K, committed 1792K, reserved 1048576K

Heap Regions: E=young(eden), S=young(survivor), O=old, HS=humongous(starts), HC=humongous(continues), CS=collection set, F=free, OA=open archive, CA=closed archive, TAMS=top-at-mark-start (previous, next)
|   0|0x000000008a000000, 0x000000008a000000, 0x000000008a100000|  0%| F|  |TAMS 0x000000008a000000, 0x000000008a000000| Untracked 
|   1|0x000000008a100000, 0x000000008a100000, 0x000000008a200000|  0%| F|  |TAMS 0x000000008a100000, 0x000000008a100000| Untracked 
|   2|0x000000008a200000, 0x000000008a200000, 0x000000008a300000|  0%| F|  |TAMS 0x000000008a200000, 0x000000008a200000| Untracked 
|   3|0x000000008a300000, 0x000000008a300000, 0x000000008a400000|  0%| F|  |TAMS 0x000000008a300000, 0x000000008a300000| Untracked 
|   4|0x000000008a400000, 0x000000008a400000, 0x000000008a500000|  0%| F|  |TAMS 0x000000008a400000, 0x000000008a400000| Untracked 
|   5|0x000000008a500000, 0x000000008a500000, 0x000000008a600000|  0%| F|  |TAMS 0x000000008a500000, 0x000000008a500000| Untracked 
|   6|0x000000008a600000, 0x000000008a600000, 0x000000008a700000|  0%| F|  |TAMS 0x000000008a600000, 0x000000008a600000| Untracked 
|   7|0x000000008a700000, 0x000000008a700000, 0x000000008a800000|  0%| F|  |TAMS 0x000000008a700000, 0x000000008a700000| Untracked 
|   8|0x000000008a800000, 0x000000008a800000, 0x000000008a900000|  0%| F|  |TAMS 0x000000008a800000, 0x000000008a800000| Untracked 
|   9|0x000000008a900000, 0x000000008a900000, 0x000000008aa00000|  0%| F|  |TAMS 0x000000008a900000, 0x000000008a900000| Untracked 
|  10|0x000000008aa00000, 0x000000008aa00000, 0x000000008ab00000|  0%| F|  |TAMS 0x000000008aa00000, 0x000000008aa00000| Untracked 
|  11|0x000000008ab00000, 0x000000008ab00000, 0x000000008ac00000|  0%| F|  |TAMS 0x000000008ab00000, 0x000000008ab00000| Untracked 
|  12|0x000000008ac00000, 0x000000008ac00000, 0x000000008ad00000|  0%| F|  |TAMS 0x000000008ac00000, 0x000000008ac00000| Untracked 
|  13|0x000000008ad00000, 0x000000008ad00000, 0x000000008ae00000|  0%| F|  |TAMS 0x000000008ad00000, 0x000000008ad00000| Untracked 
|  14|0x000000008ae00000, 0x000000008ae00000, 0x000000008af00000|  0%| F|  |TAMS 0x000000008ae00000, 0x000000008ae00000| Untracked 
|  15|0x000000008af00000, 0x000000008af00000, 0x000000008b000000|  0%| F|  |TAMS 0x000000008af00000, 0x000000008af00000| Untracked 
|  16|0x000000008b000000, 0x000000008b000000, 0x000000008b100000|  0%| F|  |TAMS 0x000000008b000000, 0x000000008b000000| Untracked 
|  17|0x000000008b100000, 0x000000008b100000, 0x000000008b200000|  0%| F|  |TAMS 0x000000008b100000, 0x000000008b100000| Untracked 
|  18|0x000000008b200000, 0x000000008b200000, 0x000000008b300000|  0%| F|  |TAMS 0x000000008b200000, 0x000000008b200000| Untracked 
|  19|0x000000008b300000, 0x000000008b300000, 0x000000008b400000|  0%| F|  |TAMS 0x000000008b300000, 0x000000008b300000| Untracked 
|  20|0x000000008b400000, 0x000000008b400000, 0x000000008b500000|  0%| F|  |TAMS 0x000000008b400000, 0x000000008b400000| Untracked 
|  21|0x000000008b500000, 0x000000008b500000, 0x000000008b600000|  0%| F|  |TAMS 0x000000008b500000, 0x000000008b500000| Untracked 
|  22|0x000000008b600000, 0x000000008b600000, 0x000000008b700000|  0%| F|  |TAMS 0x000000008b600000, 0x000000008b600000| Untracked 
|  23|0x000000008b700000, 0x000000008b700000, 0x000000008b800000|  0%| F|  |TAMS 0x000000008b700000, 0x000000008b700000| Untracked 
|  24|0x000000008b800000, 0x000000008b800000, 0x000000008b900000|  0%| F|  |TAMS 0x000000008b800000, 0x000000008b800000| Untracked 
|  25|0x000000008b900000, 0x000000008b900000, 0x000000008ba00000|  0%| F|  |TAMS 0x000000008b900000, 0x000000008b900000| Untracked 
|  26|0x000000008ba00000, 0x000000008ba00000, 0x000000008bb00000|  0%| F|  |TAMS 0x000000008ba00000, 0x000000008ba00000| Untracked 
|  27|0x000000008bb00000, 0x000000008bb00000, 0x000000008bc00000|  0%| F|  |TAMS 0x000000008bb00000, 0x000000008bb00000| Untracked 
|  28|0x000000008bc00000, 0x000000008bc00000, 0x000000008bd00000|  0%| F|  |TAMS 0x000000008bc00000, 0x000000008bc00000| Untracked 
|  29|0x000000008bd00000, 0x000000008bd00000, 0x000000008be00000|  0%| F|  |TAMS 0x000000008bd00000, 0x000000008bd00000| Untracked 
|  30|0x000000008be00000, 0x000000008be00000, 0x000000008bf00000|  0%| F|  |TAMS 0x000000008be00000, 0x000000008be00000| Untracked 
|  31|0x000000008bf00000, 0x000000008bf00000, 0x000000008c000000|  0%| F|  |TAMS 0x000000008bf00000, 0x000000008bf00000| Untracked 
|  32|0x000000008c000000, 0x000000008c000000, 0x000000008c100000|  0%| F|  |TAMS 0x000000008c000000, 0x000000008c000000| Untracked 
|  33|0x000000008c100000, 0x000000008c100000, 0x000000008c200000|  0%| F|  |TAMS 0x000000008c100000, 0x000000008c100000| Untracked 
|  34|0x000000008c200000, 0x000000008c200000, 0x000000008c300000|  0%| F|  |TAMS 0x000000008c200000, 0x000000008c200000| Untracked 
|  35|0x000000008c300000, 0x000000008c300000, 0x000000008c400000|  0%| F|  |TAMS 0x000000008c300000, 0x000000008c300000| Untracked 
|  36|0x000000008c400000, 0x000000008c400000, 0x000000008c500000|  0%| F|  |TAMS 0x000000008c400000, 0x000000008c400000| Untracked 
|  37|0x000000008c500000, 0x000000008c500000, 0x000000008c600000|  0%| F|  |TAMS 0x000000008c500000, 0x000000008c500000| Untracked 
|  38|0x000000008c600000, 0x000000008c600000, 0x000000008c700000|  0%| F|  |TAMS 0x000000008c600000, 0x000000008c600000| Untracked 
|  39|0x000000008c700000, 0x000000008c700000, 0x000000008c800000|  0%| F|  |TAMS 0x000000008c700000, 0x000000008c700000| Untracked 
|  40|0x000000008c800000, 0x000000008c800000, 0x000000008c900000|  0%| F|  |TAMS 0x000000008c800000, 0x000000008c800000| Untracked 
|  41|0x000000008c900000, 0x000000008c900000, 0x000000008ca00000|  0%| F|  |TAMS 0x000000008c900000, 0x000000008c900000| Untracked 
|  42|0x000000008ca00000, 0x000000008ca00000, 0x000000008cb00000|  0%| F|  |TAMS 0x000000008ca00000, 0x000000008ca00000| Untracked 
|  43|0x000000008cb00000, 0x000000008cb00000, 0x000000008cc00000|  0%| F|  |TAMS 0x000000008cb00000, 0x000000008cb00000| Untracked 
|  44|0x000000008cc00000, 0x000000008cc00000, 0x000000008cd00000|  0%| F|  |TAMS 0x000000008cc00000, 0x000000008cc00000| Untracked 
|  45|0x000000008cd00000, 0x000000008cd00000, 0x000000008ce00000|  0%| F|  |TAMS 0x000000008cd00000, 0x000000008cd00000| Untracked 
|  46|0x000000008ce00000, 0x000000008ce00000, 0x000000008cf00000|  0%| F|  |TAMS 0x000000008ce00000, 0x000000008ce00000| Untracked 
|  47|0x000000008cf00000, 0x000000008cf00000, 0x000000008d000000|  0%| F|  |TAMS 0x000000008cf00000, 0x000000008cf00000| Untracked 
|  48|0x000000008d000000, 0x000000008d000000, 0x000000008d100000|  0%| F|  |TAMS 0x000000008d000000, 0x000000008d000000| Untracked 
|  49|0x000000008d100000, 0x000000008d100000, 0x000000008d200000|  0%| F|  |TAMS 0x000000008d100000, 0x000000008d100000| Untracked 
|  50|0x000000008d200000, 0x000000008d200000, 0x000000008d300000|  0%| F|  |TAMS 0x000000008d200000, 0x000000008d200000| Untracked 
|  51|0x000000008d300000, 0x000000008d300000, 0x000000008d400000|  0%| F|  |TAMS 0x000000008d300000, 0x000000008d300000| Untracked 
|  52|0x000000008d400000, 0x000000008d400000, 0x000000008d500000|  0%| F|  |TAMS 0x000000008d400000, 0x000000008d400000| Untracked 
|  53|0x000000008d500000, 0x000000008d500000, 0x000000008d600000|  0%| F|  |TAMS 0x000000008d500000, 0x000000008d500000| Untracked 
|  54|0x000000008d600000, 0x000000008d600000, 0x000000008d700000|  0%| F|  |TAMS 0x000000008d600000, 0x000000008d600000| Untracked 
|  55|0x000000008d700000, 0x000000008d700000, 0x000000008d800000|  0%| F|  |TAMS 0x000000008d700000, 0x000000008d700000| Untracked 
|  56|0x000000008d800000, 0x000000008d800000, 0x000000008d900000|  0%| F|  |TAMS 0x000000008d800000, 0x000000008d800000| Untracked 
|  57|0x000000008d900000, 0x000000008d900000, 0x000000008da00000|  0%| F|  |TAMS 0x000000008d900000, 0x000000008d900000| Untracked 
|  58|0x000000008da00000, 0x000000008da00000, 0x000000008db00000|  0%| F|  |TAMS 0x000000008da00000, 0x000000008da00000| Untracked 
|  59|0x000000008db00000, 0x000000008db00000, 0x000000008dc00000|  0%| F|  |TAMS 0x000000008db00000, 0x000000008db00000| Untracked 
|  60|0x000000008dc00000, 0x000000008dc00000, 0x000000008dd00000|  0%| F|  |TAMS 0x000000008dc00000, 0x000000008dc00000| Untracked 
|  61|0x000000008dd00000, 0x000000008dd00000, 0x000000008de00000|  0%| F|  |TAMS 0x000000008dd00000, 0x000000008dd00000| Untracked 
|  62|0x000000008de00000, 0x000000008de00000, 0x000000008df00000|  0%| F|  |TAMS 0x000000008de00000, 0x000000008de00000| Untracked 
|  63|0x000000008df00000, 0x000000008df00000, 0x000000008e000000|  0%| F|  |TAMS 0x000000008df00000, 0x000000008df00000| Untracked 
|  64|0x000000008e000000, 0x000000008e000000, 0x000000008e100000|  0%| F|  |TAMS 0x000000008e000000, 0x000000008e000000| Untracked 
|  65|0x000000008e100000, 0x000000008e100000, 0x000000008e200000|  0%| F|  |TAMS 0x000000008e100000, 0x000000008e100000| Untracked 
|  66|0x000000008e200000, 0x000000008e200000, 0x000000008e300000|  0%| F|  |TAMS 0x000000008e200000, 0x000000008e200000| Untracked 
|  67|0x000000008e300000, 0x000000008e300000, 0x000000008e400000|  0%| F|  |TAMS 0x000000008e300000, 0x000000008e300000| Untracked 
|  68|0x000000008e400000, 0x000000008e400000, 0x000000008e500000|  0%| F|  |TAMS 0x000000008e400000, 0x000000008e400000| Untracked 
|  69|0x000000008e500000, 0x000000008e500000, 0x000000008e600000|  0%| F|  |TAMS 0x000000008e500000, 0x000000008e500000| Untracked 
|  70|0x000000008e600000, 0x000000008e600000, 0x000000008e700000|  0%| F|  |TAMS 0x000000008e600000, 0x000000008e600000| Untracked 
|  71|0x000000008e700000, 0x000000008e700000, 0x000000008e800000|  0%| F|  |TAMS 0x000000008e700000, 0x000000008e700000| Untracked 
|  72|0x000000008e800000, 0x000000008e800000, 0x000000008e900000|  0%| F|  |TAMS 0x000000008e800000, 0x000000008e800000| Untracked 
|  73|0x000000008e900000, 0x000000008e900000, 0x000000008ea00000|  0%| F|  |TAMS 0x000000008e900000, 0x000000008e900000| Untracked 
|  74|0x000000008ea00000, 0x000000008ea00000, 0x000000008eb00000|  0%| F|  |TAMS 0x000000008ea00000, 0x000000008ea00000| Untracked 
|  75|0x000000008eb00000, 0x000000008eb00000, 0x000000008ec00000|  0%| F|  |TAMS 0x000000008eb00000, 0x000000008eb00000| Untracked 
|  76|0x000000008ec00000, 0x000000008ec00000, 0x000000008ed00000|  0%| F|  |TAMS 0x000000008ec00000, 0x000000008ec00000| Untracked 
|  77|0x000000008ed00000, 0x000000008ed00000, 0x000000008ee00000|  0%| F|  |TAMS 0x000000008ed00000, 0x000000008ed00000| Untracked 
|  78|0x000000008ee00000, 0x000000008ee00000, 0x000000008ef00000|  0%| F|  |TAMS 0x000000008ee00000, 0x000000008ee00000| Untracked 
|  79|0x000000008ef00000, 0x000000008ef00000, 0x000000008f000000|  0%| F|  |TAMS 0x000000008ef00000, 0x000000008ef00000| Untracked 
|  80|0x000000008f000000, 0x000000008f000000, 0x000000008f100000|  0%| F|  |TAMS 0x000000008f000000, 0x000000008f000000| Untracked 
|  81|0x000000008f100000, 0x000000008f100000, 0x000000008f200000|  0%| F|  |TAMS 0x000000008f100000, 0x000000008f100000| Untracked 
|  82|0x000000008f200000, 0x000000008f200000, 0x000000008f300000|  0%| F|  |TAMS 0x000000008f200000, 0x000000008f200000| Untracked 
|  83|0x000000008f300000, 0x000000008f300000, 0x000000008f400000|  0%| F|  |TAMS 0x000000008f300000, 0x000000008f300000| Untracked 
|  84|0x000000008f400000, 0x000000008f400000, 0x000000008f500000|  0%| F|  |TAMS 0x000000008f400000, 0x000000008f400000| Untracked 
|  85|0x000000008f500000, 0x000000008f500000, 0x000000008f600000|  0%| F|  |TAMS 0x000000008f500000, 0x000000008f500000| Untracked 
|  86|0x000000008f600000, 0x000000008f600000, 0x000000008f700000|  0%| F|  |TAMS 0x000000008f600000, 0x000000008f600000| Untracked 
|  87|0x000000008f700000, 0x000000008f700000, 0x000000008f800000|  0%| F|  |TAMS 0x000000008f700000, 0x000000008f700000| Untracked 
|  88|0x000000008f800000, 0x000000008f800000, 0x000000008f900000|  0%| F|  |TAMS 0x000000008f800000, 0x000000008f800000| Untracked 
|  89|0x000000008f900000, 0x000000008f900000, 0x000000008fa00000|  0%| F|  |TAMS 0x000000008f900000, 0x000000008f900000| Untracked 
|  90|0x000000008fa00000, 0x000000008fa00000, 0x000000008fb00000|  0%| F|  |TAMS 0x000000008fa00000, 0x000000008fa00000| Untracked 
|  91|0x000000008fb00000, 0x000000008fb00000, 0x000000008fc00000|  0%| F|  |TAMS 0x000000008fb00000, 0x000000008fb00000| Untracked 
|  92|0x000000008fc00000, 0x000000008fc00000, 0x000000008fd00000|  0%| F|  |TAMS 0x000000008fc00000, 0x000000008fc00000| Untracked 
|  93|0x000000008fd00000, 0x000000008fd00000, 0x000000008fe00000|  0%| F|  |TAMS 0x000000008fd00000, 0x000000008fd00000| Untracked 
|  94|0x000000008fe00000, 0x000000008fe00000, 0x000000008ff00000|  0%| F|  |TAMS 0x000000008fe00000, 0x000000008fe00000| Untracked 
|  95|0x000000008ff00000, 0x000000008ff00000, 0x0000000090000000|  0%| F|  |TAMS 0x000000008ff00000, 0x000000008ff00000| Untracked 
|  96|0x0000000090000000, 0x0000000090000000, 0x0000000090100000|  0%| F|  |TAMS 0x0000000090000000, 0x0000000090000000| Untracked 
|  97|0x0000000090100000, 0x0000000090100000, 0x0000000090200000|  0%| F|  |TAMS 0x0000000090100000, 0x0000000090100000| Untracked 
|  98|0x0000000090200000, 0x0000000090200000, 0x0000000090300000|  0%| F|  |TAMS 0x0000000090200000, 0x0000000090200000| Untracked 
|  99|0x0000000090300000, 0x0000000090300000, 0x0000000090400000|  0%| F|  |TAMS 0x0000000090300000, 0x0000000090300000| Untracked 
| 100|0x0000000090400000, 0x0000000090400000, 0x0000000090500000|  0%| F|  |TAMS 0x0000000090400000, 0x0000000090400000| Untracked 
| 101|0x0000000090500000, 0x0000000090500000, 0x0000000090600000|  0%| F|  |TAMS 0x0000000090500000, 0x0000000090500000| Untracked 
| 102|0x0000000090600000, 0x0000000090600000, 0x0000000090700000|  0%| F|  |TAMS 0x0000000090600000, 0x0000000090600000| Untracked 
| 103|0x0000000090700000, 0x0000000090700000, 0x0000000090800000|  0%| F|  |TAMS 0x0000000090700000, 0x0000000090700000| Untracked 
| 104|0x0000000090800000, 0x0000000090879080, 0x0000000090900000| 47%| E|  |TAMS 0x0000000090800000, 0x0000000090800000| Complete 
| 105|0x0000000090900000, 0x0000000090a00000, 0x0000000090a00000|100%| E|CS|TAMS 0x0000000090900000, 0x0000000090900000| Complete 
| 106|0x0000000090a00000, 0x0000000090b00000, 0x0000000090b00000|100%| E|CS|TAMS 0x0000000090a00000, 0x0000000090a00000| Complete 
| 107|0x0000000090b00000, 0x0000000090c00000, 0x0000000090c00000|100%| E|CS|TAMS 0x0000000090b00000, 0x0000000090b00000| Complete 
| 108|0x0000000090c00000, 0x0000000090d00000, 0x0000000090d00000|100%| E|CS|TAMS 0x0000000090c00000, 0x0000000090c00000| Complete 
| 109|0x0000000090d00000, 0x0000000090e00000, 0x0000000090e00000|100%| E|CS|TAMS 0x0000000090d00000, 0x0000000090d00000| Complete 
| 110|0x0000000090e00000, 0x0000000090f00000, 0x0000000090f00000|100%| E|CS|TAMS 0x0000000090e00000, 0x0000000090e00000| Complete 
| 111|0x0000000090f00000, 0x0000000091000000, 0x0000000091000000|100%| E|CS|TAMS 0x0000000090f00000, 0x0000000090f00000| Complete 
| 112|0x0000000091000000, 0x0000000091100000, 0x0000000091100000|100%| E|CS|TAMS 0x0000000091000000, 0x0000000091000000| Complete 
| 113|0x0000000091100000, 0x0000000091200000, 0x0000000091200000|100%| E|CS|TAMS 0x0000000091100000, 0x0000000091100000| Complete 
| 114|0x0000000091200000, 0x0000000091300000, 0x0000000091300000|100%| E|CS|TAMS 0x0000000091200000, 0x0000000091200000| Complete 
| 115|0x0000000091300000, 0x0000000091400000, 0x0000000091400000|100%| E|CS|TAMS 0x0000000091300000, 0x0000000091300000| Complete 
| 116|0x0000000091400000, 0x0000000091500000, 0x0000000091500000|100%| E|CS|TAMS 0x0000000091400000, 0x0000000091400000| Complete 
| 117|0x0000000091500000, 0x0000000091600000, 0x0000000091600000|100%| E|CS|TAMS 0x0000000091500000, 0x0000000091500000| Complete 

Card table byte_map: [0x000001633c7d0000,0x000001633cb80000] _byte_map_base: 0x000001633c380000

Marking Bits (Prev, Next): (CMBitMap*) 0x00000163297b5340, (CMBitMap*) 0x00000163297b5380
 Prev Bits: [0x000001633cf30000, 0x000001633ecb0000)
 Next Bits: [0x000001633ecb0000, 0x0000016340a30000)

Polling page: 0x00000163276c0000

Metaspace:

Usage:
  Non-class:     14.30 MB used.
      Class:      1.67 MB used.
       Both:     15.97 MB used.

Virtual space:
  Non-class space:       64.00 MB reserved,      14.38 MB ( 22%) committed,  1 nodes.
      Class space:        1.00 GB reserved,       1.75 MB ( <1%) committed,  1 nodes.
             Both:        1.06 GB reserved,      16.12 MB (  1%) committed. 

Chunk freelists:
   Non-Class:  880.00 KB
       Class:  14.20 MB
        Both:  15.06 MB

MaxMetaspaceSize: unlimited
CompressedClassSpaceSize: 1.00 GB
Initial GC threshold: 21.00 MB
Current GC threshold: 21.00 MB
CDS: off
MetaspaceReclaimPolicy: balanced
 - commit_granule_bytes: 65536.
 - commit_granule_words: 8192.
 - virtual_space_node_default_size: 8388608.
 - enlarge_chunks_in_place: 1.
 - new_chunks_are_fully_committed: 0.
 - uncommit_free_chunks: 1.
 - use_allocation_guard: 0.
 - handle_deallocations: 1.


Internal statistics:

num_allocs_failed_limit: 0.
num_arena_births: 128.
num_arena_deaths: 0.
num_vsnodes_births: 2.
num_vsnodes_deaths: 0.
num_space_committed: 258.
num_space_uncommitted: 0.
num_chunks_returned_to_freelist: 0.
num_chunks_taken_from_freelist: 273.
num_chunk_merges: 0.
num_chunk_splits: 160.
num_chunks_enlarged: 97.
num_inconsistent_stats: 0.

CodeHeap 'non-profiled nmethods': size=120000Kb used=316Kb max_used=316Kb free=119683Kb
 bounds [0x00000163349a0000, 0x0000016334c10000, 0x000001633bed0000]
CodeHeap 'profiled nmethods': size=120000Kb used=1638Kb max_used=1638Kb free=118361Kb
 bounds [0x000001632ced0000, 0x000001632d140000, 0x0000016334400000]
CodeHeap 'non-nmethods': size=5760Kb used=1189Kb max_used=1204Kb free=4570Kb
 bounds [0x0000016334400000, 0x0000016334670000, 0x00000163349a0000]
 total_blobs=1510 nmethods=1027 adapters=396
 compilation: enabled
              stopped_count=0, restarted_count=0
 full_count=0

Compilation events (20 events):
Event: 0.631 Thread 0x0000016343802d60  996       3       sun.security.util.math.intpoly.P256OrderField::carryReduce0 (2216 bytes)
Event: 0.631 Thread 0x0000016343802d60 nmethod 996 0x000001632d05e890 code [0x000001632d05ea40, 0x000001632d05fca8]
Event: 0.631 Thread 0x0000016343802d60  997       3       sun.security.util.math.intpoly.P256OrderField::carryReduce2 (518 bytes)
Event: 0.631 Thread 0x00000163436ba3d0  999       4       sun.security.util.math.intpoly.IntegerPolynomial::multByInt (30 bytes)
Event: 0.631 Thread 0x0000016343802d60 nmethod 997 0x000001632d05fe10 code [0x000001632d05ffc0, 0x000001632d060538]
Event: 0.631 Thread 0x0000016343802d60  998       3       sun.security.util.math.intpoly.P256OrderField::square (613 bytes)
Event: 0.632 Thread 0x0000016343802d60 nmethod 998 0x000001632d060790 code [0x000001632d060940, 0x000001632d0611c8]
Event: 0.632 Thread 0x0000016343802d60 1002       3       sun.security.ec.ECOperations::lookup4 (88 bytes)
Event: 0.633 Thread 0x0000016343802d60 nmethod 1002 0x000001632d061410 code [0x000001632d0615e0, 0x000001632d061ab8]
Event: 0.633 Thread 0x0000016343802d60 1003       1       sun.security.ec.point.AffinePoint::getX (5 bytes)
Event: 0.633 Thread 0x0000016343802d60 nmethod 1003 0x00000163349ebe90 code [0x00000163349ec020, 0x00000163349ec0f8]
Event: 0.633 Thread 0x0000016343802d60 1004       1       sun.security.ec.point.AffinePoint::getY (5 bytes)
Event: 0.633 Thread 0x0000016343802d60 nmethod 1004 0x00000163349ec190 code [0x00000163349ec320, 0x00000163349ec3f8]
Event: 0.633 Thread 0x0000016343802d60 1008       3       java.math.BigInteger::valueOf (62 bytes)
Event: 0.634 Thread 0x0000016343802d60 nmethod 1008 0x000001632d061d10 code [0x000001632d061ee0, 0x000001632d0622c8]
Event: 0.634 Thread 0x00000163483a20a0 1000       4       sun.security.util.math.intpoly.IntegerPolynomialP256::carryReduce (895 bytes)
Event: 0.635 Thread 0x0000016343802d60 1009       1       java.security.Provider::getName (5 bytes)
Event: 0.635 Thread 0x0000016343802d60 nmethod 1009 0x00000163349ec490 code [0x00000163349ec620, 0x00000163349ec6f8]
Event: 0.635 Thread 0x00000163436ba3d0 nmethod 999 0x00000163349ec790 code [0x00000163349ec940, 0x00000163349eccf8]
Event: 0.635 Thread 0x00000163436ba3d0 1001       4       sun.security.util.math.intpoly.IntegerPolynomialP256::mult (943 bytes)

GC Heap History (0 events):
No events

Dll operation events (1 events):
Event: 0.004 Loaded shared library C:\Users\Lenovo\Desktop\PyCharm Community Edition 2023.2\jbr\bin\java.dll

Deoptimization events (18 events):
Event: 0.258 Thread 0x000001632975dec0 DEOPT PACKING pc=0x000001632cf0162d sp=0x0000001c253fdfe0
Event: 0.258 Thread 0x000001632975dec0 DEOPT UNPACKING pc=0x0000016334457143 sp=0x0000001c253fd478 mode 0
Event: 0.267 Thread 0x000001632975dec0 Uncommon trap: trap_request=0xffffff45 fr.pc=0x00000163349bdc74 relative=0x0000000000000074
Event: 0.267 Thread 0x000001632975dec0 Uncommon trap: reason=unstable_if action=reinterpret pc=0x00000163349bdc74 method=jdk.internal.misc.Unsafe.convEndian(ZI)I @ 4 c2
Event: 0.267 Thread 0x000001632975dec0 DEOPT PACKING pc=0x00000163349bdc74 sp=0x0000001c253fdf80
Event: 0.267 Thread 0x000001632975dec0 DEOPT UNPACKING pc=0x00000163344569a3 sp=0x0000001c253fdeb0 mode 2
Event: 0.328 Thread 0x000001632975dec0 DEOPT PACKING pc=0x000001632cee7267 sp=0x0000001c253fbee0
Event: 0.328 Thread 0x000001632975dec0 DEOPT UNPACKING pc=0x0000016334457143 sp=0x0000001c253fb300 mode 0
Event: 0.349 Thread 0x000001632975dec0 Uncommon trap: trap_request=0xffffff45 fr.pc=0x00000163349bce70 relative=0x00000000000003d0
Event: 0.349 Thread 0x000001632975dec0 Uncommon trap: reason=unstable_if action=reinterpret pc=0x00000163349bce70 method=java.lang.StringLatin1.newString([BII)Ljava/lang/String; @ 1 c2
Event: 0.349 Thread 0x000001632975dec0 DEOPT PACKING pc=0x00000163349bce70 sp=0x0000001c253fe780
Event: 0.349 Thread 0x000001632975dec0 DEOPT UNPACKING pc=0x00000163344569a3 sp=0x0000001c253fe748 mode 2
Event: 0.371 Thread 0x000001632975dec0 DEOPT PACKING pc=0x000001632cee6251 sp=0x0000001c253fe6c0
Event: 0.371 Thread 0x000001632975dec0 DEOPT UNPACKING pc=0x0000016334457143 sp=0x0000001c253fdb38 mode 0
Event: 0.406 Thread 0x0000016348037930 Uncommon trap: trap_request=0xffffff45 fr.pc=0x00000163349bf694 relative=0x0000000000000254
Event: 0.406 Thread 0x0000016348037930 Uncommon trap: reason=unstable_if action=reinterpret pc=0x00000163349bf694 method=java.lang.invoke.VarHandle.checkExactAccessMode(Ljava/lang/invoke/VarHandle$AccessDescriptor;)V @ 4 c2
Event: 0.406 Thread 0x0000016348037930 DEOPT PACKING pc=0x00000163349bf694 sp=0x0000001c267fedd0
Event: 0.406 Thread 0x0000016348037930 DEOPT UNPACKING pc=0x00000163344569a3 sp=0x0000001c267fed40 mode 2

Classes unloaded (0 events):
No events

Classes redefined (0 events):
No events

Internal exceptions (20 events):
Event: 0.179 Thread 0x000001632975dec0 Exception <a 'java/lang/NoSuchMethodError'{0x00000000912321c8}: 'int java.lang.invoke.DirectMethodHandle$Holder.invokeStaticInit(java.lang.Object, java.lang.Object)'> (0x00000000912321c8) 
thrown [s\src\hotspot\share\interpreter\linkResolver.cpp, line 771]
Event: 0.207 Thread 0x000001632975dec0 Exception <a 'java/lang/NoSuchMethodError'{0x0000000091118830}: 'java.lang.Object java.lang.invoke.DirectMethodHandle$Holder.invokeStaticInit(java.lang.Object, int, int, int, int)'> (0x0000000091118830) 
thrown [s\src\hotspot\share\interpreter\linkResolver.cpp, line 771]
Event: 0.265 Thread 0x000001632975dec0 Exception <a 'java/lang/NoSuchMethodError'{0x00000000911f0498}: 'java.lang.Object java.lang.invoke.DirectMethodHandle$Holder.invokeStaticInit(java.lang.Object, java.lang.Object, int, int, int, int)'> (0x00000000911f0498) 
thrown [s\src\hotspot\share\interpreter\linkResolver.cpp, line 771]
Event: 0.272 Thread 0x000001632975dec0 Exception <a 'java/lang/NoSuchMethodError'{0x000000009105a000}: 'java.lang.Object java.lang.invoke.DirectMethodHandle$Holder.invokeStatic(java.lang.Object, java.lang.Object, int)'> (0x000000009105a000) 
thrown [s\src\hotspot\share\interpreter\linkResolver.cpp, line 771]
Event: 0.273 Thread 0x000001632975dec0 Exception <a 'java/lang/NoSuchMethodError'{0x000000009105d778}: 'java.lang.Object java.lang.invoke.DirectMethodHandle$Holder.invokeStaticInit(java.lang.Object, java.lang.Object, int)'> (0x000000009105d778) 
thrown [s\src\hotspot\share\interpreter\linkResolver.cpp, line 771]
Event: 0.273 Thread 0x000001632975dec0 Exception <a 'java/lang/NoSuchMethodError'{0x0000000091063b28}: 'java.lang.Object java.lang.invoke.DirectMethodHandle$Holder.newInvokeSpecial(java.lang.Object, java.lang.Object, int)'> (0x0000000091063b28) 
thrown [s\src\hotspot\share\interpreter\linkResolver.cpp, line 771]
Event: 0.276 Thread 0x000001632975dec0 Exception <a 'java/lang/NoSuchMethodError'{0x0000000091073288}: 'int java.lang.invoke.DirectMethodHandle$Holder.invokeStaticInit(java.lang.Object, java.lang.Object, java.lang.Object)'> (0x0000000091073288) 
thrown [s\src\hotspot\share\interpreter\linkResolver.cpp, line 771]
Event: 0.278 Thread 0x000001632975dec0 Exception <a 'java/lang/NoSuchMethodError'{0x00000000910836b8}: 'int java.lang.invoke.DirectMethodHandle$Holder.invokeSpecial(java.lang.Object, java.lang.Object, java.lang.Object)'> (0x00000000910836b8) 
thrown [s\src\hotspot\share\interpreter\linkResolver.cpp, line 771]
Event: 0.278 Thread 0x000001632975dec0 Exception <a 'java/lang/NoSuchMethodError'{0x000000009108ba98}: 'int java.lang.invoke.DirectMethodHandle$Holder.invokeSpecialIFC(java.lang.Object, java.lang.Object, java.lang.Object)'> (0x000000009108ba98) 
thrown [s\src\hotspot\share\interpreter\linkResolver.cpp, line 771]
Event: 0.300 Thread 0x000001632975dec0 Exception <a 'java/lang/NoSuchMethodError'{0x0000000090f183b8}: 'java.lang.Object java.lang.invoke.DirectMethodHandle$Holder.invokeStaticInit(java.lang.Object)'> (0x0000000090f183b8) 
thrown [s\src\hotspot\share\interpreter\linkResolver.cpp, line 771]
Event: 0.359 Thread 0x000001632975dec0 Exception <a 'java/lang/NoSuchMethodError'{0x0000000090e76828}: 'java.lang.Object java.lang.invoke.DirectMethodHandle$Holder.newInvokeSpecial(java.lang.Object, java.lang.Object, java.lang.Object, java.lang.Object, java.lang.Object)'> (0x0000000090e76828) 
thrown [s\src\hotspot\share\interpreter\linkResolver.cpp, line 771]
Event: 0.388 Thread 0x000001632975dec0 Exception <a 'java/lang/NoSuchMethodError'{0x0000000090c77630}: 'java.lang.Object java.lang.invoke.DirectMethodHandle$Holder.invokeSpecial(java.lang.Object, java.lang.Object, java.lang.Object, java.lang.Object, int)'> (0x0000000090c77630) 
thrown [s\src\hotspot\share\interpreter\linkResolver.cpp, line 771]
Event: 0.389 Thread 0x000001632975dec0 Exception <a 'java/lang/NoSuchMethodError'{0x0000000090c7b1f8}: 'java.lang.Object java.lang.invoke.Invokers$Holder.linkToTargetMethod(java.lang.Object, java.lang.Object, int, java.lang.Object)'> (0x0000000090c7b1f8) 
thrown [s\src\hotspot\share\interpreter\linkResolver.cpp, line 771]
Event: 0.395 Thread 0x000001632975dec0 Exception <a 'java/lang/NoSuchMethodError'{0x0000000090cdaf60}: 'void java.lang.invoke.DirectMethodHandle$Holder.invokeSpecial(java.lang.Object, java.lang.Object, java.lang.Object)'> (0x0000000090cdaf60) 
thrown [s\src\hotspot\share\interpreter\linkResolver.cpp, line 771]
Event: 0.407 Thread 0x000001632975dec0 Exception <a 'java/lang/NoSuchMethodError'{0x0000000090b624a0}: 'void java.lang.invoke.DirectMethodHandle$Holder.invokeSpecial(java.lang.Object, java.lang.Object, java.lang.Object, java.lang.Object, java.lang.Object)'> (0x0000000090b624a0) 
thrown [s\src\hotspot\share\interpreter\linkResolver.cpp, line 771]
Event: 0.408 Thread 0x0000016348037930 Exception <a 'java/lang/NoSuchMethodError'{0x0000000090e99788}: 'void java.lang.invoke.DirectMethodHandle$Holder.invokeStatic(java.lang.Object, java.lang.Object, int)'> (0x0000000090e99788) 
thrown [s\src\hotspot\share\interpreter\linkResolver.cpp, line 771]
Event: 0.414 Thread 0x0000016348038200 Exception <a 'java/lang/NoSuchMethodError'{0x0000000090a11ca0}: 'void java.lang.invoke.DirectMethodHandle$Holder.invokeInterface(java.lang.Object, java.lang.Object, java.lang.Object)'> (0x0000000090a11ca0) 
thrown [s\src\hotspot\share\interpreter\linkResolver.cpp, line 771]
Event: 0.416 Thread 0x0000016348038200 Exception <a 'java/lang/NoSuchMethodError'{0x0000000090a28188}: 'int java.lang.invoke.DirectMethodHandle$Holder.invokeStaticInit(java.lang.Object, int, int)'> (0x0000000090a28188) 
thrown [s\src\hotspot\share\interpreter\linkResolver.cpp, line 771]
Event: 0.421 Thread 0x0000016348038200 Exception <a 'java/lang/NoSuchMethodError'{0x0000000090a6a900}: 'void java.lang.invoke.DirectMethodHandle$Holder.invokeVirtual(java.lang.Object, java.lang.Object)'> (0x0000000090a6a900) 
thrown [s\src\hotspot\share\interpreter\linkResolver.cpp, line 771]
Event: 0.606 Thread 0x0000016348038200 Exception <a 'java/lang/NoSuchMethodError'{0x0000000090948c98}: 'void java.lang.invoke.DirectMethodHandle$Holder.invokeInterface(java.lang.Object, java.lang.Object)'> (0x0000000090948c98) 
thrown [s\src\hotspot\share\interpreter\linkResolver.cpp, line 771]

VM Operations (8 events):
Event: 0.085 Executing VM operation: HandshakeAllThreads
Event: 0.086 Executing VM operation: HandshakeAllThreads done
Event: 0.096 Executing VM operation: HandshakeAllThreads
Event: 0.097 Executing VM operation: HandshakeAllThreads done
Event: 0.218 Executing VM operation: HandshakeAllThreads
Event: 0.218 Executing VM operation: HandshakeAllThreads done
Event: 0.303 Executing VM operation: HandshakeAllThreads
Event: 0.303 Executing VM operation: HandshakeAllThreads done

Events (20 events):
Event: 0.634 loading class sun/security/ssl/Finished$FinishedMessage done
Event: 0.634 loading class sun/security/ssl/Finished$VerifyDataScheme
Event: 0.634 Thread 0x00000163483a20a0 Thread added: 0x00000163483a20a0
Event: 0.634 loading class sun/security/ssl/Finished$VerifyDataScheme done
Event: 0.634 loading class sun/security/ssl/Finished$S30VerifyDataGenerator
Event: 0.634 loading class sun/security/ssl/Finished$VerifyDataGenerator
Event: 0.634 loading class sun/security/ssl/Finished$VerifyDataGenerator done
Event: 0.634 loading class sun/security/ssl/Finished$S30VerifyDataGenerator done
Event: 0.634 loading class sun/security/ssl/Finished$T10VerifyDataGenerator
Event: 0.634 loading class sun/security/ssl/Finished$T10VerifyDataGenerator done
Event: 0.634 loading class sun/security/ssl/Finished$T12VerifyDataGenerator
Event: 0.634 loading class sun/security/ssl/Finished$T12VerifyDataGenerator done
Event: 0.634 loading class sun/security/ssl/Finished$T13VerifyDataGenerator
Event: 0.634 loading class sun/security/ssl/Finished$T13VerifyDataGenerator done
Event: 0.634 loading class sun/security/ssl/Finished$1
Event: 0.634 loading class sun/security/ssl/Finished$1 done
Event: 0.634 loading class sun/security/ssl/SSLBasicKeyDerivation
Event: 0.635 loading class sun/security/ssl/SSLBasicKeyDerivation done
Event: 0.635 loading class sun/security/ssl/SSLBasicKeyDerivation$SecretSizeSpec
Event: 0.635 loading class sun/security/ssl/SSLBasicKeyDerivation$SecretSizeSpec done


Dynamic libraries:
0x00007ff7f6c00000 - 0x00007ff7f6c0a000 	C:\Users\Lenovo\Desktop\PyCharm Community Edition 2023.2\jbr\bin\java.exe
0x00007ff9326d0000 - 0x00007ff9328e7000 	C:\WINDOWS\SYSTEM32\ntdll.dll
0x00007ff9310d0000 - 0x00007ff931194000 	C:\WINDOWS\System32\KERNEL32.DLL
0x00007ff92fce0000 - 0x00007ff930086000 	C:\WINDOWS\System32\KERNELBASE.dll
0x00007ff930310000 - 0x00007ff930421000 	C:\WINDOWS\System32\ucrtbase.dll
0x00007ff916980000 - 0x00007ff916997000 	C:\Users\Lenovo\Desktop\PyCharm Community Edition 2023.2\jbr\bin\jli.dll
0x00007ff9286f0000 - 0x00007ff92870b000 	C:\Users\Lenovo\Desktop\PyCharm Community Edition 2023.2\jbr\bin\VCRUNTIME140.dll
0x00007ff930ec0000 - 0x00007ff93106d000 	C:\WINDOWS\System32\USER32.dll
0x00007ff91f910000 - 0x00007ff91fba3000 	C:\WINDOWS\WinSxS\amd64_microsoft.windows.common-controls_6595b64144ccf1df_6.0.22621.2361_none_2712ced57382f843\COMCTL32.dll
0x00007ff9301c0000 - 0x00007ff9301e6000 	C:\WINDOWS\System32\win32u.dll
0x00007ff931520000 - 0x00007ff9315c7000 	C:\WINDOWS\System32\msvcrt.dll
0x00007ff931a80000 - 0x00007ff931aa9000 	C:\WINDOWS\System32\GDI32.dll
0x00007ff92fa50000 - 0x00007ff92fb68000 	C:\WINDOWS\System32\gdi32full.dll
0x00007ff930270000 - 0x00007ff93030a000 	C:\WINDOWS\System32\msvcp_win.dll
0x00007ff931b60000 - 0x00007ff931b91000 	C:\WINDOWS\System32\IMM32.DLL
0x00007ff92a0b0000 - 0x00007ff92a0bc000 	C:\Users\Lenovo\Desktop\PyCharm Community Edition 2023.2\jbr\bin\vcruntime140_1.dll
0x00007ff8f58a0000 - 0x00007ff8f592d000 	C:\Users\Lenovo\Desktop\PyCharm Community Edition 2023.2\jbr\bin\msvcp140.dll
0x00007ff8f7800000 - 0x00007ff8f8480000 	C:\Users\Lenovo\Desktop\PyCharm Community Edition 2023.2\jbr\bin\server\jvm.dll
0x00007ff931ab0000 - 0x00007ff931b60000 	C:\WINDOWS\System32\ADVAPI32.dll
0x00007ff9324e0000 - 0x00007ff932586000 	C:\WINDOWS\System32\sechost.dll
0x00007ff9315d0000 - 0x00007ff9316e7000 	C:\WINDOWS\System32\RPCRT4.dll
0x00007ff928a60000 - 0x00007ff928a94000 	C:\WINDOWS\SYSTEM32\WINMM.dll
0x00007ff91f8c0000 - 0x00007ff91f8c9000 	C:\WINDOWS\SYSTEM32\WSOCK32.dll
0x00007ff927a50000 - 0x00007ff927a5a000 	C:\WINDOWS\SYSTEM32\VERSION.dll
0x00007ff9325b0000 - 0x00007ff932621000 	C:\WINDOWS\System32\WS2_32.dll
0x00007ff92eb20000 - 0x00007ff92eb38000 	C:\WINDOWS\SYSTEM32\kernel.appcore.dll
0x00007ff91eab0000 - 0x00007ff91eaba000 	C:\Users\Lenovo\Desktop\PyCharm Community Edition 2023.2\jbr\bin\jimage.dll
0x00007ff926620000 - 0x00007ff92684e000 	C:\WINDOWS\SYSTEM32\DBGHELP.DLL
0x00007ff9316f0000 - 0x00007ff931a7a000 	C:\WINDOWS\System32\combase.dll
0x00007ff9320b0000 - 0x00007ff932187000 	C:\WINDOWS\System32\OLEAUT32.dll
0x00007ff917fc0000 - 0x00007ff917ff2000 	C:\WINDOWS\SYSTEM32\dbgcore.DLL
0x00007ff9301f0000 - 0x00007ff93026a000 	C:\WINDOWS\System32\bcryptPrimitives.dll
0x00007ff91d070000 - 0x00007ff91d095000 	C:\Users\Lenovo\Desktop\PyCharm Community Edition 2023.2\jbr\bin\java.dll
0x00007ff91c480000 - 0x00007ff91c498000 	C:\Users\Lenovo\Desktop\PyCharm Community Edition 2023.2\jbr\bin\zip.dll
0x00007ff930460000 - 0x00007ff930cb8000 	C:\WINDOWS\System32\SHELL32.dll
0x00007ff92d9c0000 - 0x00007ff92e2b2000 	C:\WINDOWS\SYSTEM32\windows.storage.dll
0x00007ff92d880000 - 0x00007ff92d9be000 	C:\WINDOWS\SYSTEM32\wintypes.dll
0x00007ff9323e0000 - 0x00007ff9324d3000 	C:\WINDOWS\System32\SHCORE.dll
0x00007ff932630000 - 0x00007ff93268e000 	C:\WINDOWS\System32\shlwapi.dll
0x00007ff92f980000 - 0x00007ff92f9a6000 	C:\WINDOWS\SYSTEM32\profapi.dll
0x00007ff91c320000 - 0x00007ff91c339000 	C:\Users\Lenovo\Desktop\PyCharm Community Edition 2023.2\jbr\bin\net.dll
0x00007ff928310000 - 0x00007ff928447000 	C:\WINDOWS\SYSTEM32\WINHTTP.dll
0x00007ff92f000000 - 0x00007ff92f069000 	C:\WINDOWS\system32\mswsock.dll
0x00007ff91b030000 - 0x00007ff91b046000 	C:\Users\Lenovo\Desktop\PyCharm Community Edition 2023.2\jbr\bin\nio.dll
0x00007ff91d060000 - 0x00007ff91d06e000 	C:\Users\Lenovo\Desktop\PyCharm Community Edition 2023.2\jbr\bin\sunmscapi.dll
0x00007ff92fb70000 - 0x00007ff92fcd6000 	C:\WINDOWS\System32\CRYPT32.dll
0x00007ff92f3e0000 - 0x00007ff92f40d000 	C:\WINDOWS\SYSTEM32\ncrypt.dll
0x00007ff92f3a0000 - 0x00007ff92f3d7000 	C:\WINDOWS\SYSTEM32\NTASN1.dll
0x00007ff92f250000 - 0x00007ff92f26b000 	C:\WINDOWS\SYSTEM32\CRYPTSP.dll
0x00007ff92eae0000 - 0x00007ff92eb15000 	C:\WINDOWS\system32\rsaenh.dll
0x00007ff92f0f0000 - 0x00007ff92f11c000 	C:\WINDOWS\SYSTEM32\USERENV.dll
0x00007ff92f410000 - 0x00007ff92f438000 	C:\WINDOWS\SYSTEM32\bcrypt.dll
0x00007ff92f270000 - 0x00007ff92f27c000 	C:\WINDOWS\SYSTEM32\CRYPTBASE.dll
0x00007ff92e590000 - 0x00007ff92e5bd000 	C:\WINDOWS\SYSTEM32\IPHLPAPI.DLL
0x00007ff931ba0000 - 0x00007ff931ba9000 	C:\WINDOWS\System32\NSI.dll
0x00007ff927f80000 - 0x00007ff927f99000 	C:\WINDOWS\SYSTEM32\dhcpcsvc6.DLL
0x00007ff927e40000 - 0x00007ff927e5f000 	C:\WINDOWS\SYSTEM32\dhcpcsvc.DLL
0x00007ff92e600000 - 0x00007ff92e6f9000 	C:\WINDOWS\SYSTEM32\DNSAPI.dll
0x00007ff91ced0000 - 0x00007ff91ced8000 	C:\WINDOWS\system32\wshunix.dll

dbghelp: loaded successfully - version: 4.0.5 - missing functions: none
symbol engine: initialized successfully - sym options: 0x614 - pdb path: .;C:\Users\Lenovo\Desktop\PyCharm Community Edition 2023.2\jbr\bin;C:\WINDOWS\SYSTEM32;C:\WINDOWS\WinSxS\amd64_microsoft.windows.common-controls_6595b64144ccf1df_6.0.22621.2361_none_2712ced57382f843;C:\Users\Lenovo\Desktop\PyCharm Community Edition 2023.2\jbr\bin\server

VM Arguments:
java_command: git4idea.http.GitAskPassApp Username for 'https://github.com': 
java_class_path (initial): C:/Users/Lenovo/Desktop/PyCharm Community Edition 2023.2/plugins/vcs-git/lib/git4idea-rt.jar;C:/Users/Lenovo/Desktop/PyCharm Community Edition 2023.2/lib/externalProcess-rt.jar
Launcher Type: SUN_STANDARD

[Global flags]
     intx CICompilerCount                          = 4                                         {product} {ergonomic}
     uint ConcGCThreads                            = 3                                         {product} {ergonomic}
     uint G1ConcRefinementThreads                  = 10                                        {product} {ergonomic}
   size_t G1HeapRegionSize                         = 1048576                                   {product} {ergonomic}
    uintx GCDrainStackTargetSize                   = 64                                        {product} {ergonomic}
   size_t InitialHeapSize                          = 123731968                                 {product} {ergonomic}
   size_t MarkStackSize                            = 4194304                                   {product} {ergonomic}
   size_t MaxHeapSize                              = 1979711488                                {product} {ergonomic}
   size_t MaxNewSize                               = 1186988032                                {product} {ergonomic}
   size_t MinHeapDeltaBytes                        = 1048576                                   {product} {ergonomic}
   size_t MinHeapSize                              = 8388608                                   {product} {ergonomic}
    uintx NonNMethodCodeHeapSize                   = 5839372                                {pd product} {ergonomic}
    uintx NonProfiledCodeHeapSize                  = 122909434                              {pd product} {ergonomic}
    uintx ProfiledCodeHeapSize                     = 122909434                              {pd product} {ergonomic}
    uintx ReservedCodeCacheSize                    = 251658240                              {pd product} {ergonomic}
     bool SegmentedCodeCache                       = true                                      {product} {ergonomic}
   size_t SoftMaxHeapSize                          = 1979711488                             {manageable} {ergonomic}
     bool UseCompressedClassPointers               = true                           {product lp64_product} {ergonomic}
     bool UseCompressedOops                        = true                           {product lp64_product} {ergonomic}
     bool UseG1GC                                  = true                                      {product} {ergonomic}
     bool UseLargePagesIndividualAllocation        = false                                  {pd product} {ergonomic}

Logging:
Log output configuration:
 #0: stdout all=warning uptime,level,tags
 #1: stderr all=off uptime,level,tags

Environment Variables:
PATH=C:/Program Files/Git/mingw64/libexec/git-core;C:/Program Files/Git/mingw64/libexec/git-core;C:\Program Files\Git\mingw64\bin;C:\Program Files\Git\usr\bin;C:\Users\Lenovo\bin;C:\Users\Lenovo\Desktop\hometask\venv\Scripts;C:\Program Files\Eclipse Adoptium\jdk-17.0.6.10-hotspot\bin;C:\Program Files\Common Files\Oracle\Java\javapath;C:\Program Files (x86)\Common Files\Oracle\Java\javapath;C:\Windows\system32;C:\Windows;C:\Windows\System32\Wbem;C:\Windows\System32\WindowsPowerShell\v1.0\;C:\Windows\System32\OpenSSH\;C:\Program Files\dotnet\;C:\Program Files (x86)\IDEMIA\AWP\Dlls;C:\Program Files\IDEMIA\AWP\Dlls;C:\WINDOWS\system32;C:\WINDOWS;C:\WINDOWS\System32\Wbem;C:\WINDOWS\System32\WindowsPowerShell\v1.0\;C:\WINDOWS\System32\OpenSSH\;C:\Program Files\Git\cmd;C:\Users\Lenovo\AppData\Local\Programs\Python\Python310\Scripts\;C:\Users\Lenovo\AppData\Local\Programs\Python\Python310\;C:\Users\Lenovo\AppData\Local\Programs\Python\Python39\Scripts\;C:\Users\Lenovo\AppData\Local\Programs\Python\Python39\;C:\Users\Lenovo\AppData\Local\Microsoft\WindowsApps;C:\Users\Lenovo\.dotnet\tools;C:\Users\Lenovo\AppData\Local\Programs\Microsoft VS Code\bin
USERNAME=Lenovo
DISPLAY=:0.0
LC_ALL=en_US.UTF-8
TERM=xterm-256color
TMPDIR=D:\
OS=Windows_NT
PROCESSOR_IDENTIFIER=AMD64 Family 23 Model 96 Stepping 1, AuthenticAMD
TMP=D:\
TEMP=D:\


JNI global refs:
JNI global refs: 20, weak refs: 0

JNI global refs memory usage: 843, weak refs: 841

OOME stack traces (most recent first):
Classloader memory used:
